{"meta": {"format": 3, "version": "7.13.1", "timestamp": "2026-01-06T14:50:58.010998", "branch_coverage": false, "show_contexts": false}, "files": {"lattice/__init__.py": {"executed_lines": [6], "summary": {"covered_lines": 1, "num_statements": 1, "percent_covered": 100.0, "percent_covered_display": "100", "missing_lines": 0, "excluded_lines": 0, "percent_statements_covered": 100.0, "percent_statements_covered_display": "100"}, "missing_lines": [], "excluded_lines": [], "functions": {"": {"executed_lines": [6], "summary": {"covered_lines": 1, "num_statements": 1, "percent_covered": 100.0, "percent_covered_display": "100", "missing_lines": 0, "excluded_lines": 0, "percent_statements_covered": 100.0, "percent_statements_covered_display": "100"}, "missing_lines": [], "excluded_lines": [], "start_line": 1}}, "classes": {"": {"executed_lines": [6], "summary": {"covered_lines": 1, "num_statements": 1, "percent_covered": 100.0, "percent_covered_display": "100", "missing_lines": 0, "excluded_lines": 0, "percent_statements_covered": 100.0, "percent_statements_covered_display": "100"}, "missing_lines": [], "excluded_lines": [], "start_line": 1}}}, "lattice/__main__.py": {"executed_lines": [], "summary": {"covered_lines": 0, "num_statements": 48, "percent_covered": 0.0, "percent_covered_display": "0", "missing_lines": 48, "excluded_lines": 3, "percent_statements_covered": 0.0, "percent_statements_covered_display": "0"}, "missing_lines": [3, 4, 5, 6, 7, 9, 10, 12, 13, 16, 19, 21, 22, 24, 26, 46, 56, 58, 60, 61, 63, 64, 65, 67, 68, 69, 71, 73, 74, 76, 77, 78, 79, 80, 84, 85, 87, 89, 93, 94, 95, 96, 97, 98, 99, 101, 102, 103], "excluded_lines": [106, 107, 108], "functions": {"setup_logging": {"executed_lines": [], "summary": {"covered_lines": 0, "num_statements": 5, "percent_covered": 0.0, "percent_covered_display": "0", "missing_lines": 5, "excluded_lines": 0, "percent_statements_covered": 0.0, "percent_statements_covered_display": "0"}, "missing_lines": [21, 22, 24, 26, 46], "excluded_lines": [], "start_line": 19}, "main": {"executed_lines": [], "summary": {"covered_lines": 0, "num_statements": 31, "percent_covered": 0.0, "percent_covered_display": "0", "missing_lines": 31, "excluded_lines": 0, "percent_statements_covered": 0.0, "percent_statements_covered_display": "0"}, "missing_lines": [58, 60, 61, 63, 64, 65, 67, 68, 69, 71, 73, 74, 76, 77, 78, 79, 80, 84, 85, 87, 89, 93, 94, 95, 96, 97, 98, 99, 101, 102, 103], "excluded_lines": [], "start_line": 56}, "": {"executed_lines": [], "summary": {"covered_lines": 0, "num_statements": 12, "percent_covered": 0.0, "percent_covered_display": "0", "missing_lines": 12, "excluded_lines": 3, "percent_statements_covered": 0.0, "percent_statements_covered_display": "0"}, "missing_lines": [3, 4, 5, 6, 7, 9, 10, 12, 13, 16, 19, 56], "excluded_lines": [106, 107, 108], "start_line": 1}}, "classes": {"": {"executed_lines": [], "summary": {"covered_lines": 0, "num_statements": 48, "percent_covered": 0.0, "percent_covered_display": "0", "missing_lines": 48, "excluded_lines": 3, "percent_statements_covered": 0.0, "percent_statements_covered_display": "0"}, "missing_lines": [3, 4, 5, 6, 7, 9, 10, 12, 13, 16, 19, 21, 22, 24, 26, 46, 56, 58, 60, 61, 63, 64, 65, 67, 68, 69, 71, 73, 74, 76, 77, 78, 79, 80, 84, 85, 87, 89, 93, 94, 95, 96, 97, 98, 99, 101, 102, 103], "excluded_lines": [106, 107, 108], "start_line": 1}}}, "lattice/core/__init__.py": {"executed_lines": [], "summary": {"covered_lines": 0, "num_statements": 0, "percent_covered": 100.0, "percent_covered_display": "100", "missing_lines": 0, "excluded_lines": 0, "percent_statements_covered": 100.0, "percent_statements_covered_display": "100"}, "missing_lines": [], "excluded_lines": [], "functions": {"": {"executed_lines": [], "summary": {"covered_lines": 0, "num_statements": 0, "percent_covered": 100.0, "percent_covered_display": "100", "missing_lines": 0, "excluded_lines": 0, "percent_statements_covered": 100.0, "percent_statements_covered_display": "100"}, "missing_lines": [], "excluded_lines": [], "start_line": 1}}, "classes": {"": {"executed_lines": [], "summary": {"covered_lines": 0, "num_statements": 0, "percent_covered": 100.0, "percent_covered_display": "100", "missing_lines": 0, "excluded_lines": 0, "percent_statements_covered": 100.0, "percent_statements_covered_display": "100"}, "missing_lines": [], "excluded_lines": [], "start_line": 1}}}, "lattice/core/context_strategy.py": {"executed_lines": [13, 17, 18, 22, 23], "summary": {"covered_lines": 5, "num_statements": 5, "percent_covered": 100.0, "percent_covered_display": "100", "missing_lines": 0, "excluded_lines": 0, "percent_statements_covered": 100.0, "percent_statements_covered_display": "100"}, "missing_lines": [], "excluded_lines": [], "functions": {"": {"executed_lines": [13, 17, 18, 22, 23], "summary": {"covered_lines": 5, "num_statements": 5, "percent_covered": 100.0, "percent_covered_display": "100", "missing_lines": 0, "excluded_lines": 0, "percent_statements_covered": 100.0, "percent_statements_covered_display": "100"}, "missing_lines": [], "excluded_lines": [], "start_line": 1}}, "classes": {"": {"executed_lines": [13, 17, 18, 22, 23], "summary": {"covered_lines": 5, "num_statements": 5, "percent_covered": 100.0, "percent_covered_display": "100", "missing_lines": 0, "excluded_lines": 0, "percent_statements_covered": 100.0, "percent_statements_covered_display": "100"}, "missing_lines": [], "excluded_lines": [], "start_line": 1}}}, "lattice/core/entity_resolution.py": {"executed_lines": [7, 8, 9, 10, 11, 13, 15, 16, 17, 20, 23, 24, 27, 28, 29, 30, 33, 56, 57, 58, 64, 72, 77, 83, 84, 85, 91, 99, 100, 107, 115, 124, 125, 134, 135, 136, 139, 156, 159, 160, 161, 162, 165, 172, 173, 179, 187, 188, 189, 190, 191, 194, 195, 196, 202, 205, 206, 207, 209, 210, 211, 212, 214, 216, 219, 228, 229, 238, 241, 257, 258, 260, 262, 275, 279, 282, 291, 292, 301, 302, 304, 313, 322, 323, 332, 333, 335], "summary": {"covered_lines": 87, "num_statements": 90, "percent_covered": 96.66666666666667, "percent_covered_display": "97", "missing_lines": 3, "excluded_lines": 0, "percent_statements_covered": 96.66666666666667, "percent_statements_covered_display": "97"}, "missing_lines": [192, 276, 277], "excluded_lines": [], "functions": {"resolve_entity": {"executed_lines": [56, 57, 58, 64, 72, 77, 83, 84, 85, 91, 99, 100, 107], "summary": {"covered_lines": 13, "num_statements": 13, "percent_covered": 100.0, "percent_covered_display": "100", "missing_lines": 0, "excluded_lines": 0, "percent_statements_covered": 100.0, "percent_statements_covered_display": "100"}, "missing_lines": [], "excluded_lines": [], "start_line": 33}, "_find_existing_entity": {"executed_lines": [124, 125, 134, 135, 136], "summary": {"covered_lines": 5, "num_statements": 5, "percent_covered": 100.0, "percent_covered_display": "100", "missing_lines": 0, "excluded_lines": 0, "percent_statements_covered": 100.0, "percent_statements_covered_display": "100"}, "missing_lines": [], "excluded_lines": [], "start_line": 115}, "_normalize_with_llm": {"executed_lines": [156, 159, 160, 161, 162, 165, 172, 173, 179, 187, 188, 189, 190, 191, 194, 195, 196, 202, 205, 206, 207, 209, 210, 211, 212, 214, 216], "summary": {"covered_lines": 27, "num_statements": 28, "percent_covered": 96.42857142857143, "percent_covered_display": "96", "missing_lines": 1, "excluded_lines": 0, "percent_statements_covered": 96.42857142857143, "percent_statements_covered_display": "96"}, "missing_lines": [192], "excluded_lines": [], "start_line": 139}, "_get_existing_entity_names": {"executed_lines": [228, 229, 238], "summary": {"covered_lines": 3, "num_statements": 3, "percent_covered": 100.0, "percent_covered_display": "100", "missing_lines": 0, "excluded_lines": 0, "percent_statements_covered": 100.0, "percent_statements_covered_display": "100"}, "missing_lines": [], "excluded_lines": [], "start_line": 219}, "_create_entity": {"executed_lines": [257, 258, 260, 262, 275, 279], "summary": {"covered_lines": 6, "num_statements": 8, "percent_covered": 75.0, "percent_covered_display": "75", "missing_lines": 2, "excluded_lines": 0, "percent_statements_covered": 75.0, "percent_statements_covered_display": "75"}, "missing_lines": [276, 277], "excluded_lines": [], "start_line": 241}, "get_entity_by_id": {"executed_lines": [291, 292, 301, 302, 304], "summary": {"covered_lines": 5, "num_statements": 5, "percent_covered": 100.0, "percent_covered_display": "100", "missing_lines": 0, "excluded_lines": 0, "percent_statements_covered": 100.0, "percent_statements_covered_display": "100"}, "missing_lines": [], "excluded_lines": [], "start_line": 282}, "get_entity_by_name": {"executed_lines": [322, 323, 332, 333, 335], "summary": {"covered_lines": 5, "num_statements": 5, "percent_covered": 100.0, "percent_covered_display": "100", "missing_lines": 0, "excluded_lines": 0, "percent_statements_covered": 100.0, "percent_statements_covered_display": "100"}, "missing_lines": [], "excluded_lines": [], "start_line": 313}, "": {"executed_lines": [7, 8, 9, 10, 11, 13, 15, 16, 17, 20, 23, 24, 27, 28, 29, 30, 33, 115, 139, 219, 241, 282, 313], "summary": {"covered_lines": 23, "num_statements": 23, "percent_covered": 100.0, "percent_covered_display": "100", "missing_lines": 0, "excluded_lines": 0, "percent_statements_covered": 100.0, "percent_statements_covered_display": "100"}, "missing_lines": [], "excluded_lines": [], "start_line": 1}}, "classes": {"EntityResolution": {"executed_lines": [], "summary": {"covered_lines": 0, "num_statements": 0, "percent_covered": 100.0, "percent_covered_display": "100", "missing_lines": 0, "excluded_lines": 0, "percent_statements_covered": 100.0, "percent_statements_covered_display": "100"}, "missing_lines": [], "excluded_lines": [], "start_line": 24}, "": {"executed_lines": [7, 8, 9, 10, 11, 13, 15, 16, 17, 20, 23, 24, 27, 28, 29, 30, 33, 56, 57, 58, 64, 72, 77, 83, 84, 85, 91, 99, 100, 107, 115, 124, 125, 134, 135, 136, 139, 156, 159, 160, 161, 162, 165, 172, 173, 179, 187, 188, 189, 190, 191, 194, 195, 196, 202, 205, 206, 207, 209, 210, 211, 212, 214, 216, 219, 228, 229, 238, 241, 257, 258, 260, 262, 275, 279, 282, 291, 292, 301, 302, 304, 313, 322, 323, 332, 333, 335], "summary": {"covered_lines": 87, "num_statements": 90, "percent_covered": 96.66666666666667, "percent_covered_display": "97", "missing_lines": 3, "excluded_lines": 0, "percent_statements_covered": 96.66666666666667, "percent_statements_covered_display": "97"}, "missing_lines": [192, 276, 277], "excluded_lines": [], "start_line": 1}}}, "lattice/core/handlers.py": {"executed_lines": [6, 7, 9, 12, 14, 17, 35, 37, 43, 44, 46, 52, 53, 54, 56], "summary": {"covered_lines": 15, "num_statements": 15, "percent_covered": 100.0, "percent_covered_display": "100", "missing_lines": 0, "excluded_lines": 0, "percent_statements_covered": 100.0, "percent_statements_covered_display": "100"}, "missing_lines": [], "excluded_lines": [], "functions": {"handle_north_star": {"executed_lines": [35, 37, 43, 44, 46, 52, 53, 54, 56], "summary": {"covered_lines": 9, "num_statements": 9, "percent_covered": 100.0, "percent_covered_display": "100", "missing_lines": 0, "excluded_lines": 0, "percent_statements_covered": 100.0, "percent_statements_covered_display": "100"}, "missing_lines": [], "excluded_lines": [], "start_line": 17}, "": {"executed_lines": [6, 7, 9, 12, 14, 17], "summary": {"covered_lines": 6, "num_statements": 6, "percent_covered": 100.0, "percent_covered_display": "100", "missing_lines": 0, "excluded_lines": 0, "percent_statements_covered": 100.0, "percent_statements_covered_display": "100"}, "missing_lines": [], "excluded_lines": [], "start_line": 1}}, "classes": {"": {"executed_lines": [6, 7, 9, 12, 14, 17, 35, 37, 43, 44, 46, 52, 53, 54, 56], "summary": {"covered_lines": 15, "num_statements": 15, "percent_covered": 100.0, "percent_covered_display": "100", "missing_lines": 0, "excluded_lines": 0, "percent_statements_covered": 100.0, "percent_statements_covered_display": "100"}, "missing_lines": [], "excluded_lines": [], "start_line": 1}}}, "lattice/core/health.py": {"executed_lines": [3, 4, 6, 9, 16, 23, 24, 25, 26, 27, 29, 31, 33, 35, 36, 37, 38, 39, 41, 43, 44, 45], "summary": {"covered_lines": 22, "num_statements": 22, "percent_covered": 100.0, "percent_covered_display": "100", "missing_lines": 0, "excluded_lines": 0, "percent_statements_covered": 100.0, "percent_statements_covered_display": "100"}, "missing_lines": [], "excluded_lines": [], "functions": {"HealthServer.__init__": {"executed_lines": [23, 24, 25, 26, 27], "summary": {"covered_lines": 5, "num_statements": 5, "percent_covered": 100.0, "percent_covered_display": "100", "missing_lines": 0, "excluded_lines": 0, "percent_statements_covered": 100.0, "percent_statements_covered_display": "100"}, "missing_lines": [], "excluded_lines": [], "start_line": 16}, "HealthServer.handle_health": {"executed_lines": [31], "summary": {"covered_lines": 1, "num_statements": 1, "percent_covered": 100.0, "percent_covered_display": "100", "missing_lines": 0, "excluded_lines": 0, "percent_statements_covered": 100.0, "percent_statements_covered_display": "100"}, "missing_lines": [], "excluded_lines": [], "start_line": 29}, "HealthServer.start": {"executed_lines": [35, 36, 37, 38, 39], "summary": {"covered_lines": 5, "num_statements": 5, "percent_covered": 100.0, "percent_covered_display": "100", "missing_lines": 0, "excluded_lines": 0, "percent_statements_covered": 100.0, "percent_statements_covered_display": "100"}, "missing_lines": [], "excluded_lines": [], "start_line": 33}, "HealthServer.stop": {"executed_lines": [43, 44, 45], "summary": {"covered_lines": 3, "num_statements": 3, "percent_covered": 100.0, "percent_covered_display": "100", "missing_lines": 0, "excluded_lines": 0, "percent_statements_covered": 100.0, "percent_statements_covered_display": "100"}, "missing_lines": [], "excluded_lines": [], "start_line": 41}, "": {"executed_lines": [3, 4, 6, 9, 16, 29, 33, 41], "summary": {"covered_lines": 8, "num_statements": 8, "percent_covered": 100.0, "percent_covered_display": "100", "missing_lines": 0, "excluded_lines": 0, "percent_statements_covered": 100.0, "percent_statements_covered_display": "100"}, "missing_lines": [], "excluded_lines": [], "start_line": 1}}, "classes": {"HealthServer": {"executed_lines": [23, 24, 25, 26, 27, 31, 35, 36, 37, 38, 39, 43, 44, 45], "summary": {"covered_lines": 14, "num_statements": 14, "percent_covered": 100.0, "percent_covered_display": "100", "missing_lines": 0, "excluded_lines": 0, "percent_statements_covered": 100.0, "percent_statements_covered_display": "100"}, "missing_lines": [], "excluded_lines": [], "start_line": 9}, "": {"executed_lines": [3, 4, 6, 9, 16, 29, 33, 41], "summary": {"covered_lines": 8, "num_statements": 8, "percent_covered": 100.0, "percent_covered_display": "100", "missing_lines": 0, "excluded_lines": 0, "percent_statements_covered": 100.0, "percent_statements_covered_display": "100"}, "missing_lines": [], "excluded_lines": [], "start_line": 1}}}, "lattice/core/memory_orchestrator.py": {"executed_lines": [6, 7, 8, 10, 12, 13, 14, 17, 20, 54, 88, 165], "summary": {"covered_lines": 12, "num_statements": 35, "percent_covered": 34.285714285714285, "percent_covered_display": "34", "missing_lines": 23, "excluded_lines": 0, "percent_statements_covered": 34.285714285714285, "percent_statements_covered_display": "34"}, "missing_lines": [41, 51, 75, 112, 117, 122, 123, 124, 125, 127, 132, 133, 134, 135, 136, 137, 142, 143, 151, 153, 160, 162, 194], "excluded_lines": [], "functions": {"store_user_message": {"executed_lines": [], "summary": {"covered_lines": 0, "num_statements": 2, "percent_covered": 0.0, "percent_covered_display": "0", "missing_lines": 2, "excluded_lines": 0, "percent_statements_covered": 0.0, "percent_statements_covered_display": "0"}, "missing_lines": [41, 51], "excluded_lines": [], "start_line": 20}, "store_bot_message": {"executed_lines": [], "summary": {"covered_lines": 0, "num_statements": 1, "percent_covered": 0.0, "percent_covered_display": "0", "missing_lines": 1, "excluded_lines": 0, "percent_statements_covered": 0.0, "percent_statements_covered_display": "0"}, "missing_lines": [75], "excluded_lines": [], "start_line": 54}, "retrieve_context": {"executed_lines": [], "summary": {"covered_lines": 0, "num_statements": 19, "percent_covered": 0.0, "percent_covered_display": "0", "missing_lines": 19, "excluded_lines": 0, "percent_statements_covered": 0.0, "percent_statements_covered_display": "0"}, "missing_lines": [112, 117, 122, 123, 124, 125, 127, 132, 133, 134, 135, 136, 137, 142, 143, 151, 153, 160, 162], "excluded_lines": [], "start_line": 88}, "consolidate_message_async": {"executed_lines": [], "summary": {"covered_lines": 0, "num_statements": 1, "percent_covered": 0.0, "percent_covered_display": "0", "missing_lines": 1, "excluded_lines": 0, "percent_statements_covered": 0.0, "percent_statements_covered_display": "0"}, "missing_lines": [194], "excluded_lines": [], "start_line": 165}, "": {"executed_lines": [6, 7, 8, 10, 12, 13, 14, 17, 20, 54, 88, 165], "summary": {"covered_lines": 12, "num_statements": 12, "percent_covered": 100.0, "percent_covered_display": "100", "missing_lines": 0, "excluded_lines": 0, "percent_statements_covered": 100.0, "percent_statements_covered_display": "100"}, "missing_lines": [], "excluded_lines": [], "start_line": 1}}, "classes": {"": {"executed_lines": [6, 7, 8, 10, 12, 13, 14, 17, 20, 54, 88, 165], "summary": {"covered_lines": 12, "num_statements": 35, "percent_covered": 34.285714285714285, "percent_covered_display": "34", "missing_lines": 23, "excluded_lines": 0, "percent_statements_covered": 34.285714285714285, "percent_statements_covered_display": "34"}, "missing_lines": [41, 51, 75, 112, 117, 122, 123, 124, 125, 127, 132, 133, 134, 135, 136, 137, 142, 143, 151, 153, 160, 162, 194], "excluded_lines": [], "start_line": 1}}}, "lattice/core/pipeline.py": {"executed_lines": [1, 2, 5, 8, 17, 22, 23, 25, 30, 31, 32, 33, 35, 37, 51], "summary": {"covered_lines": 15, "num_statements": 15, "percent_covered": 100.0, "percent_covered_display": "100", "missing_lines": 0, "excluded_lines": 0, "percent_statements_covered": 100.0, "percent_statements_covered_display": "100"}, "missing_lines": [], "excluded_lines": [], "functions": {"UnifiedPipeline.__init__": {"executed_lines": [22, 23], "summary": {"covered_lines": 2, "num_statements": 2, "percent_covered": 100.0, "percent_covered_display": "100", "missing_lines": 0, "excluded_lines": 0, "percent_statements_covered": 100.0, "percent_statements_covered_display": "100"}, "missing_lines": [], "excluded_lines": [], "start_line": 17}, "UnifiedPipeline.send_response": {"executed_lines": [30, 31, 32, 33, 35], "summary": {"covered_lines": 5, "num_statements": 5, "percent_covered": 100.0, "percent_covered_display": "100", "missing_lines": 0, "excluded_lines": 0, "percent_statements_covered": 100.0, "percent_statements_covered_display": "100"}, "missing_lines": [], "excluded_lines": [], "start_line": 25}, "UnifiedPipeline.send_proactive_message": {"executed_lines": [51], "summary": {"covered_lines": 1, "num_statements": 1, "percent_covered": 100.0, "percent_covered_display": "100", "missing_lines": 0, "excluded_lines": 0, "percent_statements_covered": 100.0, "percent_statements_covered_display": "100"}, "missing_lines": [], "excluded_lines": [], "start_line": 37}, "": {"executed_lines": [1, 2, 5, 8, 17, 25, 37], "summary": {"covered_lines": 7, "num_statements": 7, "percent_covered": 100.0, "percent_covered_display": "100", "missing_lines": 0, "excluded_lines": 0, "percent_statements_covered": 100.0, "percent_statements_covered_display": "100"}, "missing_lines": [], "excluded_lines": [], "start_line": 1}}, "classes": {"UnifiedPipeline": {"executed_lines": [22, 23, 30, 31, 32, 33, 35, 51], "summary": {"covered_lines": 8, "num_statements": 8, "percent_covered": 100.0, "percent_covered_display": "100", "missing_lines": 0, "excluded_lines": 0, "percent_statements_covered": 100.0, "percent_statements_covered_display": "100"}, "missing_lines": [], "excluded_lines": [], "start_line": 8}, "": {"executed_lines": [1, 2, 5, 8, 17, 25, 37], "summary": {"covered_lines": 7, "num_statements": 7, "percent_covered": 100.0, "percent_covered_display": "100", "missing_lines": 0, "excluded_lines": 0, "percent_statements_covered": 100.0, "percent_statements_covered_display": "100"}, "missing_lines": [], "excluded_lines": [], "start_line": 1}}}, "lattice/core/query_extraction.py": {"executed_lines": [13, 14, 15, 16, 18, 20, 21, 22, 25, 30, 33, 34, 45, 46, 47, 48, 49, 50, 51, 52, 55, 82, 83, 84, 85, 88, 93, 100, 101, 106, 107, 109, 118, 120, 121, 122, 123, 126, 127, 128, 135, 138, 139, 140, 141, 142, 145, 146, 147, 148, 151, 152, 155, 156, 158, 159, 177, 186, 198, 207, 208, 218, 219, 221, 222, 234, 243, 244, 256, 257, 259, 260], "summary": {"covered_lines": 72, "num_statements": 73, "percent_covered": 98.63013698630137, "percent_covered_display": "99", "missing_lines": 1, "excluded_lines": 0, "percent_statements_covered": 98.63013698630137, "percent_statements_covered_display": "99"}, "missing_lines": [124], "excluded_lines": [], "functions": {"extract_query_structure": {"executed_lines": [82, 83, 84, 85, 88, 93, 100, 101, 106, 107, 109, 118, 120, 121, 122, 123, 126, 127, 128, 135, 138, 139, 140, 141, 142, 145, 146, 147, 148, 151, 152, 155, 156, 158, 159, 177, 186], "summary": {"covered_lines": 37, "num_statements": 38, "percent_covered": 97.36842105263158, "percent_covered_display": "97", "missing_lines": 1, "excluded_lines": 0, "percent_statements_covered": 97.36842105263158, "percent_statements_covered_display": "97"}, "missing_lines": [124], "excluded_lines": [], "start_line": 55}, "get_extraction": {"executed_lines": [207, 208, 218, 219, 221, 222], "summary": {"covered_lines": 6, "num_statements": 6, "percent_covered": 100.0, "percent_covered_display": "100", "missing_lines": 0, "excluded_lines": 0, "percent_statements_covered": 100.0, "percent_statements_covered_display": "100"}, "missing_lines": [], "excluded_lines": [], "start_line": 198}, "get_message_extraction": {"executed_lines": [243, 244, 256, 257, 259, 260], "summary": {"covered_lines": 6, "num_statements": 6, "percent_covered": 100.0, "percent_covered_display": "100", "missing_lines": 0, "excluded_lines": 0, "percent_statements_covered": 100.0, "percent_statements_covered_display": "100"}, "missing_lines": [], "excluded_lines": [], "start_line": 234}, "": {"executed_lines": [13, 14, 15, 16, 18, 20, 21, 22, 25, 30, 33, 34, 45, 46, 47, 48, 49, 50, 51, 52, 55, 198, 234], "summary": {"covered_lines": 23, "num_statements": 23, "percent_covered": 100.0, "percent_covered_display": "100", "missing_lines": 0, "excluded_lines": 0, "percent_statements_covered": 100.0, "percent_statements_covered_display": "100"}, "missing_lines": [], "excluded_lines": [], "start_line": 1}}, "classes": {"QueryExtraction": {"executed_lines": [], "summary": {"covered_lines": 0, "num_statements": 0, "percent_covered": 100.0, "percent_covered_display": "100", "missing_lines": 0, "excluded_lines": 0, "percent_statements_covered": 100.0, "percent_statements_covered_display": "100"}, "missing_lines": [], "excluded_lines": [], "start_line": 34}, "": {"executed_lines": [13, 14, 15, 16, 18, 20, 21, 22, 25, 30, 33, 34, 45, 46, 47, 48, 49, 50, 51, 52, 55, 82, 83, 84, 85, 88, 93, 100, 101, 106, 107, 109, 118, 120, 121, 122, 123, 126, 127, 128, 135, 138, 139, 140, 141, 142, 145, 146, 147, 148, 151, 152, 155, 156, 158, 159, 177, 186, 198, 207, 208, 218, 219, 221, 222, 234, 243, 244, 256, 257, 259, 260], "summary": {"covered_lines": 72, "num_statements": 73, "percent_covered": 98.63013698630137, "percent_covered_display": "99", "missing_lines": 1, "excluded_lines": 0, "percent_statements_covered": 98.63013698630137, "percent_statements_covered_display": "99"}, "missing_lines": [124], "excluded_lines": [], "start_line": 1}}}, "lattice/core/response_generator.py": {"executed_lines": [6, 7, 8, 10, 12, 13, 19, 22, 26, 38, 53, 56, 76, 77, 78, 79, 82, 104, 106, 108, 116, 119, 143, 144, 147, 148, 151, 152, 157, 159, 160, 176, 178, 179, 180, 181, 182, 184, 189, 190, 194, 196, 203, 206, 211, 212, 213, 214, 215, 216, 217, 218, 219, 221, 222, 223, 225, 229, 238, 251, 252, 258, 260, 268, 275, 277, 278, 279, 282, 295, 296, 298, 299, 300, 301, 303, 304, 307, 309, 310, 311, 312, 315, 316, 318, 320, 321, 322, 323, 325, 326, 327, 328, 330, 331, 333, 334, 335, 337, 338, 339, 341, 342, 343, 344, 346, 347, 349], "summary": {"covered_lines": 108, "num_statements": 108, "percent_covered": 100.0, "percent_covered_display": "100", "missing_lines": 0, "excluded_lines": 2, "percent_statements_covered": 100.0, "percent_statements_covered_display": "100"}, "missing_lines": [], "excluded_lines": [15, 16], "functions": {"get_available_placeholders": {"executed_lines": [53], "summary": {"covered_lines": 1, "num_statements": 1, "percent_covered": 100.0, "percent_covered_display": "100", "missing_lines": 0, "excluded_lines": 0, "percent_statements_covered": 100.0, "percent_statements_covered_display": "100"}, "missing_lines": [], "excluded_lines": [], "start_line": 38}, "validate_template_placeholders": {"executed_lines": [76, 77, 78, 79], "summary": {"covered_lines": 4, "num_statements": 4, "percent_covered": 100.0, "percent_covered_display": "100", "missing_lines": 0, "excluded_lines": 0, "percent_statements_covered": 100.0, "percent_statements_covered_display": "100"}, "missing_lines": [], "excluded_lines": [], "start_line": 56}, "select_response_template": {"executed_lines": [104, 106, 108, 116], "summary": {"covered_lines": 4, "num_statements": 4, "percent_covered": 100.0, "percent_covered_display": "100", "missing_lines": 0, "excluded_lines": 0, "percent_statements_covered": 100.0, "percent_statements_covered_display": "100"}, "missing_lines": [], "excluded_lines": [], "start_line": 82}, "generate_response": {"executed_lines": [143, 144, 147, 148, 151, 152, 157, 159, 160, 176, 194, 196, 203, 206, 211, 212, 213, 214, 215, 216, 217, 218, 219, 221, 222, 223, 225, 229, 238, 251, 252, 258, 260, 268, 275, 277, 278, 279], "summary": {"covered_lines": 38, "num_statements": 38, "percent_covered": 100.0, "percent_covered_display": "100", "missing_lines": 0, "excluded_lines": 0, "percent_statements_covered": 100.0, "percent_statements_covered_display": "100"}, "missing_lines": [], "excluded_lines": [], "start_line": 119}, "generate_response.format_with_timestamp": {"executed_lines": [178, 179, 180, 181, 182, 184, 189, 190], "summary": {"covered_lines": 8, "num_statements": 8, "percent_covered": 100.0, "percent_covered_display": "100", "missing_lines": 0, "excluded_lines": 0, "percent_statements_covered": 100.0, "percent_statements_covered_display": "100"}, "missing_lines": [], "excluded_lines": [], "start_line": 176}, "split_response": {"executed_lines": [295, 296, 298, 299, 300, 301, 303, 304, 307, 309, 310, 311, 312, 315, 316, 318, 320, 321, 322, 323, 325, 326, 327, 328, 330, 331, 333, 334, 335, 337, 338, 339, 341, 342, 343, 344, 346, 347, 349], "summary": {"covered_lines": 39, "num_statements": 39, "percent_covered": 100.0, "percent_covered_display": "100", "missing_lines": 0, "excluded_lines": 0, "percent_statements_covered": 100.0, "percent_statements_covered_display": "100"}, "missing_lines": [], "excluded_lines": [], "start_line": 282}, "": {"executed_lines": [6, 7, 8, 10, 12, 13, 19, 22, 26, 38, 56, 82, 119, 282], "summary": {"covered_lines": 14, "num_statements": 14, "percent_covered": 100.0, "percent_covered_display": "100", "missing_lines": 0, "excluded_lines": 2, "percent_statements_covered": 100.0, "percent_statements_covered_display": "100"}, "missing_lines": [], "excluded_lines": [15, 16], "start_line": 1}}, "classes": {"": {"executed_lines": [6, 7, 8, 10, 12, 13, 19, 22, 26, 38, 53, 56, 76, 77, 78, 79, 82, 104, 106, 108, 116, 119, 143, 144, 147, 148, 151, 152, 157, 159, 160, 176, 178, 179, 180, 181, 182, 184, 189, 190, 194, 196, 203, 206, 211, 212, 213, 214, 215, 216, 217, 218, 219, 221, 222, 223, 225, 229, 238, 251, 252, 258, 260, 268, 275, 277, 278, 279, 282, 295, 296, 298, 299, 300, 301, 303, 304, 307, 309, 310, 311, 312, 315, 316, 318, 320, 321, 322, 323, 325, 326, 327, 328, 330, 331, 333, 334, 335, 337, 338, 339, 341, 342, 343, 344, 346, 347, 349], "summary": {"covered_lines": 108, "num_statements": 108, "percent_covered": 100.0, "percent_covered_display": "100", "missing_lines": 0, "excluded_lines": 2, "percent_statements_covered": 100.0, "percent_statements_covered_display": "100"}, "missing_lines": [], "excluded_lines": [15, 16], "start_line": 1}}}, "lattice/core/types.py": {"executed_lines": [], "summary": {"covered_lines": 0, "num_statements": 0, "percent_covered": 100.0, "percent_covered_display": "100", "missing_lines": 0, "excluded_lines": 0, "percent_statements_covered": 100.0, "percent_statements_covered_display": "100"}, "missing_lines": [], "excluded_lines": [], "functions": {"": {"executed_lines": [], "summary": {"covered_lines": 0, "num_statements": 0, "percent_covered": 100.0, "percent_covered_display": "100", "missing_lines": 0, "excluded_lines": 0, "percent_statements_covered": 100.0, "percent_statements_covered_display": "100"}, "missing_lines": [], "excluded_lines": [], "start_line": 1}}, "classes": {"": {"executed_lines": [], "summary": {"covered_lines": 0, "num_statements": 0, "percent_covered": 100.0, "percent_covered_display": "100", "missing_lines": 0, "excluded_lines": 0, "percent_statements_covered": 100.0, "percent_statements_covered_display": "100"}, "missing_lines": [], "excluded_lines": [], "start_line": 1}}}, "lattice/discord_client/__init__.py": {"executed_lines": [], "summary": {"covered_lines": 0, "num_statements": 0, "percent_covered": 100.0, "percent_covered_display": "100", "missing_lines": 0, "excluded_lines": 0, "percent_statements_covered": 100.0, "percent_statements_covered_display": "100"}, "missing_lines": [], "excluded_lines": [], "functions": {"": {"executed_lines": [], "summary": {"covered_lines": 0, "num_statements": 0, "percent_covered": 100.0, "percent_covered_display": "100", "missing_lines": 0, "excluded_lines": 0, "percent_statements_covered": 100.0, "percent_statements_covered_display": "100"}, "missing_lines": [], "excluded_lines": [], "start_line": 1}}, "classes": {"": {"executed_lines": [], "summary": {"covered_lines": 0, "num_statements": 0, "percent_covered": 100.0, "percent_covered_display": "100", "missing_lines": 0, "excluded_lines": 0, "percent_statements_covered": 100.0, "percent_statements_covered_display": "100"}, "missing_lines": [], "excluded_lines": [], "start_line": 1}}}, "lattice/discord_client/bot.py": {"executed_lines": [8, 9, 10, 11, 12, 14, 15, 16, 18, 19, 24], "summary": {"covered_lines": 11, "num_statements": 229, "percent_covered": 4.8034934497816595, "percent_covered_display": "5", "missing_lines": 218, "excluded_lines": 0, "percent_statements_covered": 4.8034934497816595, "percent_statements_covered_display": "5"}, "missing_lines": [27, 28, 29, 30, 31, 32, 41, 44, 45, 48, 51, 53, 54, 55, 56, 58, 64, 65, 66, 68, 69, 70, 74, 75, 76, 78, 79, 82, 84, 86, 88, 89, 90, 91, 92, 93, 95, 96, 98, 100, 101, 108, 109, 111, 112, 113, 114, 116, 119, 122, 125, 126, 129, 132, 135, 138, 143, 145, 147, 149, 155, 156, 160, 162, 163, 164, 167, 168, 171, 172, 175, 176, 177, 178, 179, 182, 183, 190, 192, 193, 194, 195, 199, 200, 205, 211, 213, 222, 223, 228, 232, 236, 243, 244, 251, 252, 254, 255, 263, 266, 267, 268, 272, 273, 275, 278, 290, 303, 304, 306, 311, 317, 325, 326, 327, 328, 329, 331, 344, 345, 348, 349, 359, 376, 392, 402, 403, 405, 406, 407, 412, 416, 438, 439, 440, 442, 443, 444, 448, 451, 452, 456, 459, 473, 474, 475, 483, 487, 488, 489, 493, 495, 497, 498, 499, 500, 501, 502, 503, 507, 514, 515, 516, 518, 519, 520, 522, 524, 525, 526, 529, 530, 535, 541, 542, 545, 547, 548, 549, 550, 552, 554, 555, 556, 567, 568, 570, 571, 572, 575, 576, 578, 579, 580, 587, 589, 590, 593, 594, 597, 598, 599, 600, 602, 603, 604, 605, 607, 609, 614, 619, 620, 621, 623, 624, 632, 633, 634], "excluded_lines": [], "functions": {"LatticeBot.__init__": {"executed_lines": [], "summary": {"covered_lines": 0, "num_statements": 17, "percent_covered": 0.0, "percent_covered_display": "0", "missing_lines": 17, "excluded_lines": 0, "percent_statements_covered": 0.0, "percent_statements_covered_display": "0"}, "missing_lines": [53, 54, 55, 56, 58, 64, 65, 66, 68, 69, 70, 74, 75, 76, 78, 79, 82], "excluded_lines": [], "start_line": 51}, "LatticeBot.setup_hook": {"executed_lines": [], "summary": {"covered_lines": 0, "num_statements": 9, "percent_covered": 0.0, "percent_covered_display": "0", "missing_lines": 9, "excluded_lines": 0, "percent_statements_covered": 0.0, "percent_statements_covered_display": "0"}, "missing_lines": [86, 88, 89, 90, 91, 92, 93, 95, 96], "excluded_lines": [], "start_line": 84}, "LatticeBot.on_ready": {"executed_lines": [], "summary": {"covered_lines": 0, "num_statements": 20, "percent_covered": 0.0, "percent_covered_display": "0", "missing_lines": 20, "excluded_lines": 0, "percent_statements_covered": 0.0, "percent_statements_covered_display": "0"}, "missing_lines": [100, 101, 108, 109, 111, 112, 113, 114, 116, 119, 122, 125, 126, 129, 132, 135, 138, 143, 145, 147], "excluded_lines": [], "start_line": 98}, "LatticeBot.on_message": {"executed_lines": [], "summary": {"covered_lines": 0, "num_statements": 71, "percent_covered": 0.0, "percent_covered_display": "0", "missing_lines": 71, "excluded_lines": 0, "percent_statements_covered": 0.0, "percent_statements_covered_display": "0"}, "missing_lines": [155, 156, 160, 162, 163, 164, 167, 168, 171, 172, 175, 176, 177, 178, 179, 182, 183, 190, 192, 193, 194, 195, 199, 200, 205, 211, 213, 222, 223, 228, 232, 236, 243, 244, 251, 252, 254, 255, 263, 266, 267, 268, 272, 273, 275, 278, 290, 303, 304, 306, 311, 317, 325, 326, 327, 328, 329, 331, 344, 345, 348, 349, 359, 376, 392, 402, 403, 405, 406, 407, 412], "excluded_lines": [], "start_line": 149}, "LatticeBot._mirror_to_dream_channel": {"executed_lines": [], "summary": {"covered_lines": 0, "num_statements": 19, "percent_covered": 0.0, "percent_covered_display": "0", "missing_lines": 19, "excluded_lines": 0, "percent_statements_covered": 0.0, "percent_statements_covered_display": "0"}, "missing_lines": [438, 439, 440, 442, 443, 444, 448, 451, 452, 456, 459, 473, 474, 475, 483, 487, 488, 489, 493], "excluded_lines": [], "start_line": 416}, "LatticeBot.close": {"executed_lines": [], "summary": {"covered_lines": 0, "num_statements": 7, "percent_covered": 0.0, "percent_covered_display": "0", "missing_lines": 7, "excluded_lines": 0, "percent_statements_covered": 0.0, "percent_statements_covered_display": "0"}, "missing_lines": [497, 498, 499, 500, 501, 502, 503], "excluded_lines": [], "start_line": 495}, "setup_commands": {"executed_lines": [], "summary": {"covered_lines": 0, "num_statements": 9, "percent_covered": 0.0, "percent_covered_display": "0", "missing_lines": 9, "excluded_lines": 0, "percent_statements_covered": 0.0, "percent_statements_covered_display": "0"}, "missing_lines": [514, 515, 516, 554, 555, 556, 578, 579, 580], "excluded_lines": [], "start_line": 507}, "setup_commands.trigger_dream_cycle": {"executed_lines": [], "summary": {"covered_lines": 0, "num_statements": 18, "percent_covered": 0.0, "percent_covered_display": "0", "missing_lines": 18, "excluded_lines": 0, "percent_statements_covered": 0.0, "percent_statements_covered_display": "0"}, "missing_lines": [518, 519, 520, 522, 524, 525, 526, 529, 530, 535, 541, 542, 545, 547, 548, 549, 550, 552], "excluded_lines": [], "start_line": 516}, "setup_commands.set_timezone_cmd": {"executed_lines": [], "summary": {"covered_lines": 0, "num_statements": 7, "percent_covered": 0.0, "percent_covered_display": "0", "missing_lines": 7, "excluded_lines": 0, "percent_statements_covered": 0.0, "percent_statements_covered_display": "0"}, "missing_lines": [567, 568, 570, 571, 572, 575, 576], "excluded_lines": [], "start_line": 556}, "setup_commands.update_active_hours_cmd": {"executed_lines": [], "summary": {"covered_lines": 0, "num_statements": 24, "percent_covered": 0.0, "percent_covered_display": "0", "missing_lines": 24, "excluded_lines": 0, "percent_statements_covered": 0.0, "percent_statements_covered_display": "0"}, "missing_lines": [587, 589, 590, 593, 594, 597, 598, 599, 600, 602, 603, 604, 605, 607, 609, 614, 619, 620, 621, 623, 624, 632, 633, 634], "excluded_lines": [], "start_line": 580}, "": {"executed_lines": [8, 9, 10, 11, 12, 14, 15, 16, 18, 19, 24], "summary": {"covered_lines": 11, "num_statements": 28, "percent_covered": 39.285714285714285, "percent_covered_display": "39", "missing_lines": 17, "excluded_lines": 0, "percent_statements_covered": 39.285714285714285, "percent_statements_covered_display": "39"}, "missing_lines": [27, 28, 29, 30, 31, 32, 41, 44, 45, 48, 51, 84, 98, 149, 416, 495, 507], "excluded_lines": [], "start_line": 1}}, "classes": {"LatticeBot": {"executed_lines": [], "summary": {"covered_lines": 0, "num_statements": 143, "percent_covered": 0.0, "percent_covered_display": "0", "missing_lines": 143, "excluded_lines": 0, "percent_statements_covered": 0.0, "percent_statements_covered_display": "0"}, "missing_lines": [53, 54, 55, 56, 58, 64, 65, 66, 68, 69, 70, 74, 75, 76, 78, 79, 82, 86, 88, 89, 90, 91, 92, 93, 95, 96, 100, 101, 108, 109, 111, 112, 113, 114, 116, 119, 122, 125, 126, 129, 132, 135, 138, 143, 145, 147, 155, 156, 160, 162, 163, 164, 167, 168, 171, 172, 175, 176, 177, 178, 179, 182, 183, 190, 192, 193, 194, 195, 199, 200, 205, 211, 213, 222, 223, 228, 232, 236, 243, 244, 251, 252, 254, 255, 263, 266, 267, 268, 272, 273, 275, 278, 290, 303, 304, 306, 311, 317, 325, 326, 327, 328, 329, 331, 344, 345, 348, 349, 359, 376, 392, 402, 403, 405, 406, 407, 412, 438, 439, 440, 442, 443, 444, 448, 451, 452, 456, 459, 473, 474, 475, 483, 487, 488, 489, 493, 497, 498, 499, 500, 501, 502, 503], "excluded_lines": [], "start_line": 48}, "": {"executed_lines": [8, 9, 10, 11, 12, 14, 15, 16, 18, 19, 24], "summary": {"covered_lines": 11, "num_statements": 86, "percent_covered": 12.790697674418604, "percent_covered_display": "13", "missing_lines": 75, "excluded_lines": 0, "percent_statements_covered": 12.790697674418604, "percent_statements_covered_display": "13"}, "missing_lines": [27, 28, 29, 30, 31, 32, 41, 44, 45, 48, 51, 84, 98, 149, 416, 495, 507, 514, 515, 516, 518, 519, 520, 522, 524, 525, 526, 529, 530, 535, 541, 542, 545, 547, 548, 549, 550, 552, 554, 555, 556, 567, 568, 570, 571, 572, 575, 576, 578, 579, 580, 587, 589, 590, 593, 594, 597, 598, 599, 600, 602, 603, 604, 605, 607, 609, 614, 619, 620, 621, 623, 624, 632, 633, 634], "excluded_lines": [], "start_line": 1}}}, "lattice/discord_client/dream.py": {"executed_lines": [6, 7, 8, 10, 11, 13, 16, 19, 20, 21, 24], "summary": {"covered_lines": 11, "num_statements": 244, "percent_covered": 4.508196721311475, "percent_covered_display": "5", "missing_lines": 233, "excluded_lines": 0, "percent_statements_covered": 4.508196721311475, "percent_statements_covered_display": "5"}, "missing_lines": [27, 33, 36, 37, 40, 43, 51, 52, 53, 54, 57, 69, 79, 82, 83, 84, 89, 90, 91, 94, 99, 100, 105, 107, 111, 114, 122, 125, 126, 129, 130, 137, 138, 139, 140, 141, 144, 145, 146, 148, 154, 163, 166, 185, 186, 187, 188, 189, 190, 191, 194, 200, 202, 208, 210, 216, 218, 224, 227, 233, 235, 238, 241, 242, 243, 244, 248, 251, 252, 253, 255, 256, 257, 258, 260, 264, 266, 270, 271, 272, 276, 280, 285, 287, 288, 292, 296, 298, 302, 308, 310, 313, 316, 317, 318, 319, 323, 326, 327, 328, 329, 330, 333, 335, 339, 340, 341, 345, 347, 348, 352, 355, 358, 359, 360, 366, 368, 371, 374, 375, 376, 377, 381, 383, 384, 385, 386, 387, 388, 390, 394, 395, 396, 400, 402, 403, 407, 410, 418, 421, 422, 425, 426, 432, 436, 442, 444, 447, 450, 451, 452, 453, 457, 459, 460, 461, 462, 463, 464, 466, 470, 471, 472, 476, 478, 479, 483, 486, 494, 497, 498, 501, 502, 508, 512, 518, 521, 524, 525, 557, 563, 570, 577, 578, 579, 580, 581, 583, 587, 593, 596, 605, 607, 608, 633, 639, 646, 653, 660, 661, 667, 670, 677, 678, 679, 680, 681, 682, 683, 684, 686, 688, 689, 716, 722, 729, 730, 734, 735, 736, 742, 749, 750, 755, 756, 759, 765, 772, 779, 780, 784, 787, 796], "excluded_lines": [], "functions": {"PromptViewView.__init__": {"executed_lines": [], "summary": {"covered_lines": 0, "num_statements": 3, "percent_covered": 0.0, "percent_covered_display": "0", "missing_lines": 3, "excluded_lines": 0, "percent_statements_covered": 0.0, "percent_statements_covered_display": "0"}, "missing_lines": [33, 36, 37], "excluded_lines": [], "start_line": 27}, "FeedbackModal.__init__": {"executed_lines": [], "summary": {"covered_lines": 0, "num_statements": 6, "percent_covered": 0.0, "percent_covered_display": "0", "missing_lines": 6, "excluded_lines": 0, "percent_statements_covered": 0.0, "percent_statements_covered_display": "0"}, "missing_lines": [51, 52, 53, 54, 57, 69], "excluded_lines": [], "start_line": 43}, "FeedbackModal.callback": {"executed_lines": [], "summary": {"covered_lines": 0, "num_statements": 28, "percent_covered": 0.0, "percent_covered_display": "0", "missing_lines": 28, "excluded_lines": 0, "percent_statements_covered": 0.0, "percent_statements_covered_display": "0"}, "missing_lines": [82, 83, 84, 89, 90, 91, 94, 99, 100, 105, 107, 111, 114, 122, 125, 126, 129, 130, 137, 138, 139, 140, 141, 144, 145, 146, 148, 154], "excluded_lines": [], "start_line": 79}, "DreamMirrorView.__init__": {"executed_lines": [], "summary": {"covered_lines": 0, "num_statements": 17, "percent_covered": 0.0, "percent_covered_display": "0", "missing_lines": 17, "excluded_lines": 0, "percent_statements_covered": 0.0, "percent_statements_covered_display": "0"}, "missing_lines": [185, 186, 187, 188, 189, 190, 191, 194, 200, 202, 208, 210, 216, 218, 224, 227, 233], "excluded_lines": [], "start_line": 166}, "DreamMirrorView._make_view_prompt_callback": {"executed_lines": [], "summary": {"covered_lines": 0, "num_statements": 2, "percent_covered": 0.0, "percent_covered_display": "0", "missing_lines": 2, "excluded_lines": 0, "percent_statements_covered": 0.0, "percent_statements_covered_display": "0"}, "missing_lines": [238, 308], "excluded_lines": [], "start_line": 235}, "DreamMirrorView._make_view_prompt_callback.view_prompt_callback": {"executed_lines": [], "summary": {"covered_lines": 0, "num_statements": 27, "percent_covered": 0.0, "percent_covered_display": "0", "missing_lines": 27, "excluded_lines": 0, "percent_statements_covered": 0.0, "percent_statements_covered_display": "0"}, "missing_lines": [241, 242, 243, 244, 248, 251, 252, 253, 255, 256, 257, 258, 260, 264, 266, 270, 271, 272, 276, 280, 285, 287, 288, 292, 296, 298, 302], "excluded_lines": [], "start_line": 238}, "DreamMirrorView._make_feedback_callback": {"executed_lines": [], "summary": {"covered_lines": 0, "num_statements": 2, "percent_covered": 0.0, "percent_covered_display": "0", "missing_lines": 2, "excluded_lines": 0, "percent_statements_covered": 0.0, "percent_statements_covered_display": "0"}, "missing_lines": [313, 366], "excluded_lines": [], "start_line": 310}, "DreamMirrorView._make_feedback_callback.feedback_callback": {"executed_lines": [], "summary": {"covered_lines": 0, "num_statements": 23, "percent_covered": 0.0, "percent_covered_display": "0", "missing_lines": 23, "excluded_lines": 0, "percent_statements_covered": 0.0, "percent_statements_covered_display": "0"}, "missing_lines": [316, 317, 318, 319, 323, 326, 327, 328, 329, 330, 333, 335, 339, 340, 341, 345, 347, 348, 352, 355, 358, 359, 360], "excluded_lines": [], "start_line": 313}, "DreamMirrorView._make_quick_positive_callback": {"executed_lines": [], "summary": {"covered_lines": 0, "num_statements": 2, "percent_covered": 0.0, "percent_covered_display": "0", "missing_lines": 2, "excluded_lines": 0, "percent_statements_covered": 0.0, "percent_statements_covered_display": "0"}, "missing_lines": [371, 442], "excluded_lines": [], "start_line": 368}, "DreamMirrorView._make_quick_positive_callback.quick_positive_callback": {"executed_lines": [], "summary": {"covered_lines": 0, "num_statements": 27, "percent_covered": 0.0, "percent_covered_display": "0", "missing_lines": 27, "excluded_lines": 0, "percent_statements_covered": 0.0, "percent_statements_covered_display": "0"}, "missing_lines": [374, 375, 376, 377, 381, 383, 384, 385, 386, 387, 388, 390, 394, 395, 396, 400, 402, 403, 407, 410, 418, 421, 422, 425, 426, 432, 436], "excluded_lines": [], "start_line": 371}, "DreamMirrorView._make_quick_negative_callback": {"executed_lines": [], "summary": {"covered_lines": 0, "num_statements": 2, "percent_covered": 0.0, "percent_covered_display": "0", "missing_lines": 2, "excluded_lines": 0, "percent_statements_covered": 0.0, "percent_statements_covered_display": "0"}, "missing_lines": [447, 518], "excluded_lines": [], "start_line": 444}, "DreamMirrorView._make_quick_negative_callback.quick_negative_callback": {"executed_lines": [], "summary": {"covered_lines": 0, "num_statements": 27, "percent_covered": 0.0, "percent_covered_display": "0", "missing_lines": 27, "excluded_lines": 0, "percent_statements_covered": 0.0, "percent_statements_covered_display": "0"}, "missing_lines": [450, 451, 452, 453, 457, 459, 460, 461, 462, 463, 464, 466, 470, 471, 472, 476, 478, 479, 483, 486, 494, 497, 498, 501, 502, 508, 512], "excluded_lines": [], "start_line": 447}, "DreamMirrorBuilder.build_reactive_mirror": {"executed_lines": [], "summary": {"covered_lines": 0, "num_statements": 13, "percent_covered": 0.0, "percent_covered_display": "0", "missing_lines": 13, "excluded_lines": 0, "percent_statements_covered": 0.0, "percent_statements_covered_display": "0"}, "missing_lines": [557, 563, 570, 577, 578, 579, 580, 581, 583, 587, 593, 596, 605], "excluded_lines": [], "start_line": 525}, "DreamMirrorBuilder.build_proactive_mirror": {"executed_lines": [], "summary": {"covered_lines": 0, "num_statements": 17, "percent_covered": 0.0, "percent_covered_display": "0", "missing_lines": 17, "excluded_lines": 0, "percent_statements_covered": 0.0, "percent_statements_covered_display": "0"}, "missing_lines": [633, 639, 646, 653, 660, 661, 667, 670, 677, 678, 679, 680, 681, 682, 683, 684, 686], "excluded_lines": [], "start_line": 608}, "DreamMirrorBuilder.build_extraction_mirror": {"executed_lines": [], "summary": {"covered_lines": 0, "num_statements": 20, "percent_covered": 0.0, "percent_covered_display": "0", "missing_lines": 20, "excluded_lines": 0, "percent_statements_covered": 0.0, "percent_statements_covered_display": "0"}, "missing_lines": [716, 722, 729, 730, 734, 735, 736, 742, 749, 750, 755, 756, 759, 765, 772, 779, 780, 784, 787, 796], "excluded_lines": [], "start_line": 689}, "": {"executed_lines": [6, 7, 8, 10, 11, 13, 16, 19, 20, 21, 24], "summary": {"covered_lines": 11, "num_statements": 28, "percent_covered": 39.285714285714285, "percent_covered_display": "39", "missing_lines": 17, "excluded_lines": 0, "percent_statements_covered": 39.285714285714285, "percent_statements_covered_display": "39"}, "missing_lines": [27, 40, 43, 79, 163, 166, 235, 310, 368, 444, 521, 524, 525, 607, 608, 688, 689], "excluded_lines": [], "start_line": 1}}, "classes": {"PromptViewView": {"executed_lines": [], "summary": {"covered_lines": 0, "num_statements": 3, "percent_covered": 0.0, "percent_covered_display": "0", "missing_lines": 3, "excluded_lines": 0, "percent_statements_covered": 0.0, "percent_statements_covered_display": "0"}, "missing_lines": [33, 36, 37], "excluded_lines": [], "start_line": 24}, "FeedbackModal": {"executed_lines": [], "summary": {"covered_lines": 0, "num_statements": 34, "percent_covered": 0.0, "percent_covered_display": "0", "missing_lines": 34, "excluded_lines": 0, "percent_statements_covered": 0.0, "percent_statements_covered_display": "0"}, "missing_lines": [51, 52, 53, 54, 57, 69, 82, 83, 84, 89, 90, 91, 94, 99, 100, 105, 107, 111, 114, 122, 125, 126, 129, 130, 137, 138, 139, 140, 141, 144, 145, 146, 148, 154], "excluded_lines": [], "start_line": 40}, "DreamMirrorView": {"executed_lines": [], "summary": {"covered_lines": 0, "num_statements": 129, "percent_covered": 0.0, "percent_covered_display": "0", "missing_lines": 129, "excluded_lines": 0, "percent_statements_covered": 0.0, "percent_statements_covered_display": "0"}, "missing_lines": [185, 186, 187, 188, 189, 190, 191, 194, 200, 202, 208, 210, 216, 218, 224, 227, 233, 238, 241, 242, 243, 244, 248, 251, 252, 253, 255, 256, 257, 258, 260, 264, 266, 270, 271, 272, 276, 280, 285, 287, 288, 292, 296, 298, 302, 308, 313, 316, 317, 318, 319, 323, 326, 327, 328, 329, 330, 333, 335, 339, 340, 341, 345, 347, 348, 352, 355, 358, 359, 360, 366, 371, 374, 375, 376, 377, 381, 383, 384, 385, 386, 387, 388, 390, 394, 395, 396, 400, 402, 403, 407, 410, 418, 421, 422, 425, 426, 432, 436, 442, 447, 450, 451, 452, 453, 457, 459, 460, 461, 462, 463, 464, 466, 470, 471, 472, 476, 478, 479, 483, 486, 494, 497, 498, 501, 502, 508, 512, 518], "excluded_lines": [], "start_line": 163}, "DreamMirrorBuilder": {"executed_lines": [], "summary": {"covered_lines": 0, "num_statements": 50, "percent_covered": 0.0, "percent_covered_display": "0", "missing_lines": 50, "excluded_lines": 0, "percent_statements_covered": 0.0, "percent_statements_covered_display": "0"}, "missing_lines": [557, 563, 570, 577, 578, 579, 580, 581, 583, 587, 593, 596, 605, 633, 639, 646, 653, 660, 661, 667, 670, 677, 678, 679, 680, 681, 682, 683, 684, 686, 716, 722, 729, 730, 734, 735, 736, 742, 749, 750, 755, 756, 759, 765, 772, 779, 780, 784, 787, 796], "excluded_lines": [], "start_line": 521}, "": {"executed_lines": [6, 7, 8, 10, 11, 13, 16, 19, 20, 21, 24], "summary": {"covered_lines": 11, "num_statements": 28, "percent_covered": 39.285714285714285, "percent_covered_display": "39", "missing_lines": 17, "excluded_lines": 0, "percent_statements_covered": 39.285714285714285, "percent_statements_covered_display": "39"}, "missing_lines": [27, 40, 43, 79, 163, 166, 235, 310, 368, 444, 521, 524, 525, 607, 608, 688, 689], "excluded_lines": [], "start_line": 1}}}, "lattice/discord_client/dream_v1_backup.py": {"executed_lines": [], "summary": {"covered_lines": 0, "num_statements": 201, "percent_covered": 0.0, "percent_covered_display": "0", "missing_lines": 201, "excluded_lines": 0, "percent_statements_covered": 0.0, "percent_statements_covered_display": "0"}, "missing_lines": [6, 7, 8, 10, 11, 13, 16, 19, 20, 21, 24, 27, 35, 39, 40, 45, 47, 54, 56, 59, 63, 69, 72, 79, 80, 81, 84, 101, 104, 111, 113, 116, 121, 124, 132, 135, 137, 143, 152, 155, 174, 175, 176, 177, 178, 179, 180, 182, 188, 191, 192, 193, 194, 198, 201, 202, 203, 205, 206, 207, 208, 210, 214, 216, 220, 221, 222, 226, 230, 235, 237, 238, 242, 244, 245, 246, 252, 258, 261, 262, 263, 264, 268, 271, 272, 273, 274, 275, 278, 280, 284, 285, 286, 290, 292, 293, 297, 299, 300, 301, 307, 313, 316, 317, 318, 319, 323, 325, 326, 327, 328, 329, 330, 332, 336, 337, 338, 342, 344, 345, 349, 352, 360, 361, 365, 371, 377, 380, 381, 382, 383, 387, 389, 390, 391, 392, 393, 394, 396, 400, 401, 402, 406, 408, 409, 413, 416, 424, 425, 429, 436, 439, 440, 472, 478, 485, 492, 493, 494, 495, 496, 498, 502, 508, 511, 520, 522, 523, 540, 546, 553, 560, 566, 570, 574, 575, 576, 578, 580, 581, 600, 606, 613, 614, 618, 619, 620, 626, 633, 634, 639, 640, 643, 649, 656, 662, 666, 670, 671, 672, 674], "excluded_lines": [], "functions": {"PromptViewModal.__init__": {"executed_lines": [], "summary": {"covered_lines": 0, "num_statements": 6, "percent_covered": 0.0, "percent_covered_display": "0", "missing_lines": 6, "excluded_lines": 0, "percent_statements_covered": 0.0, "percent_statements_covered_display": "0"}, "missing_lines": [35, 39, 40, 45, 47, 54], "excluded_lines": [], "start_line": 27}, "PromptViewModal.on_submit": {"executed_lines": [], "summary": {"covered_lines": 0, "num_statements": 2, "percent_covered": 0.0, "percent_covered_display": "0", "missing_lines": 2, "excluded_lines": 0, "percent_statements_covered": 0.0, "percent_statements_covered_display": "0"}, "missing_lines": [59, 63], "excluded_lines": [], "start_line": 56}, "FeedbackModal.__init__": {"executed_lines": [], "summary": {"covered_lines": 0, "num_statements": 7, "percent_covered": 0.0, "percent_covered_display": "0", "missing_lines": 7, "excluded_lines": 0, "percent_statements_covered": 0.0, "percent_statements_covered_display": "0"}, "missing_lines": [79, 80, 81, 84, 101, 104, 111], "excluded_lines": [], "start_line": 72}, "FeedbackModal.callback": {"executed_lines": [], "summary": {"covered_lines": 0, "num_statements": 7, "percent_covered": 0.0, "percent_covered_display": "0", "missing_lines": 7, "excluded_lines": 0, "percent_statements_covered": 0.0, "percent_statements_covered_display": "0"}, "missing_lines": [116, 121, 124, 132, 135, 137, 143], "excluded_lines": [], "start_line": 113}, "DreamMirrorView.__init__": {"executed_lines": [], "summary": {"covered_lines": 0, "num_statements": 7, "percent_covered": 0.0, "percent_covered_display": "0", "missing_lines": 7, "excluded_lines": 0, "percent_statements_covered": 0.0, "percent_statements_covered_display": "0"}, "missing_lines": [174, 175, 176, 177, 178, 179, 180], "excluded_lines": [], "start_line": 155}, "DreamMirrorView.view_prompt_button": {"executed_lines": [], "summary": {"covered_lines": 0, "num_statements": 27, "percent_covered": 0.0, "percent_covered_display": "0", "missing_lines": 27, "excluded_lines": 0, "percent_statements_covered": 0.0, "percent_statements_covered_display": "0"}, "missing_lines": [191, 192, 193, 194, 198, 201, 202, 203, 205, 206, 207, 208, 210, 214, 216, 220, 221, 222, 226, 230, 235, 237, 238, 242, 244, 245, 246], "excluded_lines": [], "start_line": 188}, "DreamMirrorView.feedback_button": {"executed_lines": [], "summary": {"covered_lines": 0, "num_statements": 22, "percent_covered": 0.0, "percent_covered_display": "0", "missing_lines": 22, "excluded_lines": 0, "percent_statements_covered": 0.0, "percent_statements_covered_display": "0"}, "missing_lines": [261, 262, 263, 264, 268, 271, 272, 273, 274, 275, 278, 280, 284, 285, 286, 290, 292, 293, 297, 299, 300, 301], "excluded_lines": [], "start_line": 258}, "DreamMirrorView.quick_positive_button": {"executed_lines": [], "summary": {"covered_lines": 0, "num_statements": 23, "percent_covered": 0.0, "percent_covered_display": "0", "missing_lines": 23, "excluded_lines": 0, "percent_statements_covered": 0.0, "percent_statements_covered_display": "0"}, "missing_lines": [316, 317, 318, 319, 323, 325, 326, 327, 328, 329, 330, 332, 336, 337, 338, 342, 344, 345, 349, 352, 360, 361, 365], "excluded_lines": [], "start_line": 313}, "DreamMirrorView.quick_negative_button": {"executed_lines": [], "summary": {"covered_lines": 0, "num_statements": 23, "percent_covered": 0.0, "percent_covered_display": "0", "missing_lines": 23, "excluded_lines": 0, "percent_statements_covered": 0.0, "percent_statements_covered_display": "0"}, "missing_lines": [380, 381, 382, 383, 387, 389, 390, 391, 392, 393, 394, 396, 400, 401, 402, 406, 408, 409, 413, 416, 424, 425, 429], "excluded_lines": [], "start_line": 377}, "DreamMirrorBuilder.build_reactive_mirror": {"executed_lines": [], "summary": {"covered_lines": 0, "num_statements": 13, "percent_covered": 0.0, "percent_covered_display": "0", "missing_lines": 13, "excluded_lines": 0, "percent_statements_covered": 0.0, "percent_statements_covered_display": "0"}, "missing_lines": [472, 478, 485, 492, 493, 494, 495, 496, 498, 502, 508, 511, 520], "excluded_lines": [], "start_line": 440}, "DreamMirrorBuilder.build_proactive_mirror": {"executed_lines": [], "summary": {"covered_lines": 0, "num_statements": 10, "percent_covered": 0.0, "percent_covered_display": "0", "missing_lines": 10, "excluded_lines": 0, "percent_statements_covered": 0.0, "percent_statements_covered_display": "0"}, "missing_lines": [540, 546, 553, 560, 566, 570, 574, 575, 576, 578], "excluded_lines": [], "start_line": 523}, "DreamMirrorBuilder.build_extraction_mirror": {"executed_lines": [], "summary": {"covered_lines": 0, "num_statements": 21, "percent_covered": 0.0, "percent_covered_display": "0", "missing_lines": 21, "excluded_lines": 0, "percent_statements_covered": 0.0, "percent_statements_covered_display": "0"}, "missing_lines": [600, 606, 613, 614, 618, 619, 620, 626, 633, 634, 639, 640, 643, 649, 656, 662, 666, 670, 671, 672, 674], "excluded_lines": [], "start_line": 581}, "": {"executed_lines": [], "summary": {"covered_lines": 0, "num_statements": 33, "percent_covered": 0.0, "percent_covered_display": "0", "missing_lines": 33, "excluded_lines": 0, "percent_statements_covered": 0.0, "percent_statements_covered_display": "0"}, "missing_lines": [6, 7, 8, 10, 11, 13, 16, 19, 20, 21, 24, 27, 56, 69, 72, 113, 152, 155, 182, 188, 252, 258, 307, 313, 371, 377, 436, 439, 440, 522, 523, 580, 581], "excluded_lines": [], "start_line": 1}}, "classes": {"PromptViewModal": {"executed_lines": [], "summary": {"covered_lines": 0, "num_statements": 8, "percent_covered": 0.0, "percent_covered_display": "0", "missing_lines": 8, "excluded_lines": 0, "percent_statements_covered": 0.0, "percent_statements_covered_display": "0"}, "missing_lines": [35, 39, 40, 45, 47, 54, 59, 63], "excluded_lines": [], "start_line": 24}, "FeedbackModal": {"executed_lines": [], "summary": {"covered_lines": 0, "num_statements": 14, "percent_covered": 0.0, "percent_covered_display": "0", "missing_lines": 14, "excluded_lines": 0, "percent_statements_covered": 0.0, "percent_statements_covered_display": "0"}, "missing_lines": [79, 80, 81, 84, 101, 104, 111, 116, 121, 124, 132, 135, 137, 143], "excluded_lines": [], "start_line": 69}, "DreamMirrorView": {"executed_lines": [], "summary": {"covered_lines": 0, "num_statements": 102, "percent_covered": 0.0, "percent_covered_display": "0", "missing_lines": 102, "excluded_lines": 0, "percent_statements_covered": 0.0, "percent_statements_covered_display": "0"}, "missing_lines": [174, 175, 176, 177, 178, 179, 180, 191, 192, 193, 194, 198, 201, 202, 203, 205, 206, 207, 208, 210, 214, 216, 220, 221, 222, 226, 230, 235, 237, 238, 242, 244, 245, 246, 261, 262, 263, 264, 268, 271, 272, 273, 274, 275, 278, 280, 284, 285, 286, 290, 292, 293, 297, 299, 300, 301, 316, 317, 318, 319, 323, 325, 326, 327, 328, 329, 330, 332, 336, 337, 338, 342, 344, 345, 349, 352, 360, 361, 365, 380, 381, 382, 383, 387, 389, 390, 391, 392, 393, 394, 396, 400, 401, 402, 406, 408, 409, 413, 416, 424, 425, 429], "excluded_lines": [], "start_line": 152}, "DreamMirrorBuilder": {"executed_lines": [], "summary": {"covered_lines": 0, "num_statements": 44, "percent_covered": 0.0, "percent_covered_display": "0", "missing_lines": 44, "excluded_lines": 0, "percent_statements_covered": 0.0, "percent_statements_covered_display": "0"}, "missing_lines": [472, 478, 485, 492, 493, 494, 495, 496, 498, 502, 508, 511, 520, 540, 546, 553, 560, 566, 570, 574, 575, 576, 578, 600, 606, 613, 614, 618, 619, 620, 626, 633, 634, 639, 640, 643, 649, 656, 662, 666, 670, 671, 672, 674], "excluded_lines": [], "start_line": 436}, "": {"executed_lines": [], "summary": {"covered_lines": 0, "num_statements": 33, "percent_covered": 0.0, "percent_covered_display": "0", "missing_lines": 33, "excluded_lines": 0, "percent_statements_covered": 0.0, "percent_statements_covered_display": "0"}, "missing_lines": [6, 7, 8, 10, 11, 13, 16, 19, 20, 21, 24, 27, 56, 69, 72, 113, 152, 155, 182, 188, 252, 258, 307, 313, 371, 377, 436, 439, 440, 522, 523, 580, 581], "excluded_lines": [], "start_line": 1}}}, "lattice/dreaming/__init__.py": {"executed_lines": [12, 13], "summary": {"covered_lines": 2, "num_statements": 4, "percent_covered": 50.0, "percent_covered_display": "50", "missing_lines": 2, "excluded_lines": 0, "percent_statements_covered": 50.0, "percent_statements_covered_display": "50"}, "missing_lines": [14, 17], "excluded_lines": [], "functions": {"": {"executed_lines": [12, 13], "summary": {"covered_lines": 2, "num_statements": 4, "percent_covered": 50.0, "percent_covered_display": "50", "missing_lines": 2, "excluded_lines": 0, "percent_statements_covered": 50.0, "percent_statements_covered_display": "50"}, "missing_lines": [14, 17], "excluded_lines": [], "start_line": 1}}, "classes": {"": {"executed_lines": [12, 13], "summary": {"covered_lines": 2, "num_statements": 4, "percent_covered": 50.0, "percent_covered_display": "50", "missing_lines": 2, "excluded_lines": 0, "percent_statements_covered": 50.0, "percent_statements_covered_display": "50"}, "missing_lines": [14, 17], "excluded_lines": [], "start_line": 1}}}, "lattice/dreaming/analyzer.py": {"executed_lines": [7, 8, 9, 11, 13, 16, 19, 37, 54, 55, 58, 59, 62, 63, 64, 67, 68, 69, 70, 73, 74, 75, 78, 81, 200, 242], "summary": {"covered_lines": 26, "num_statements": 65, "percent_covered": 40.0, "percent_covered_display": "40", "missing_lines": 39, "excluded_lines": 0, "percent_statements_covered": 40.0, "percent_statements_covered_display": "40"}, "missing_lines": [29, 30, 31, 32, 33, 34, 46, 47, 48, 49, 50, 51, 96, 97, 171, 190, 197, 218, 219, 228, 230, 231, 232, 234, 235, 237, 239, 266, 269, 270, 292, 313, 314, 315, 318, 319, 320, 325, 327], "excluded_lines": [], "functions": {"_safe_float": {"executed_lines": [], "summary": {"covered_lines": 0, "num_statements": 6, "percent_covered": 0.0, "percent_covered_display": "0", "missing_lines": 6, "excluded_lines": 0, "percent_statements_covered": 0.0, "percent_statements_covered_display": "0"}, "missing_lines": [29, 30, 31, 32, 33, 34], "excluded_lines": [], "start_line": 19}, "_safe_float_optional": {"executed_lines": [], "summary": {"covered_lines": 0, "num_statements": 6, "percent_covered": 0.0, "percent_covered_display": "0", "missing_lines": 6, "excluded_lines": 0, "percent_statements_covered": 0.0, "percent_statements_covered_display": "0"}, "missing_lines": [46, 47, 48, 49, 50, 51], "excluded_lines": [], "start_line": 37}, "analyze_prompt_effectiveness": {"executed_lines": [], "summary": {"covered_lines": 0, "num_statements": 5, "percent_covered": 0.0, "percent_covered_display": "0", "missing_lines": 5, "excluded_lines": 0, "percent_statements_covered": 0.0, "percent_statements_covered_display": "0"}, "missing_lines": [96, 97, 171, 190, 197], "excluded_lines": [], "start_line": 81}, "get_feedback_samples": {"executed_lines": [], "summary": {"covered_lines": 0, "num_statements": 10, "percent_covered": 0.0, "percent_covered_display": "0", "missing_lines": 10, "excluded_lines": 0, "percent_statements_covered": 0.0, "percent_statements_covered_display": "0"}, "missing_lines": [218, 219, 228, 230, 231, 232, 234, 235, 237, 239], "excluded_lines": [], "start_line": 200}, "get_feedback_with_context": {"executed_lines": [], "summary": {"covered_lines": 0, "num_statements": 12, "percent_covered": 0.0, "percent_covered_display": "0", "missing_lines": 12, "excluded_lines": 0, "percent_statements_covered": 0.0, "percent_statements_covered_display": "0"}, "missing_lines": [266, 269, 270, 292, 313, 314, 315, 318, 319, 320, 325, 327], "excluded_lines": [], "start_line": 242}, "": {"executed_lines": [7, 8, 9, 11, 13, 16, 19, 37, 54, 55, 58, 59, 62, 63, 64, 67, 68, 69, 70, 73, 74, 75, 78, 81, 200, 242], "summary": {"covered_lines": 26, "num_statements": 26, "percent_covered": 100.0, "percent_covered_display": "100", "missing_lines": 0, "excluded_lines": 0, "percent_statements_covered": 100.0, "percent_statements_covered_display": "100"}, "missing_lines": [], "excluded_lines": [], "start_line": 1}}, "classes": {"PromptMetrics": {"executed_lines": [], "summary": {"covered_lines": 0, "num_statements": 0, "percent_covered": 100.0, "percent_covered_display": "100", "missing_lines": 0, "excluded_lines": 0, "percent_statements_covered": 100.0, "percent_statements_covered_display": "100"}, "missing_lines": [], "excluded_lines": [], "start_line": 55}, "": {"executed_lines": [7, 8, 9, 11, 13, 16, 19, 37, 54, 55, 58, 59, 62, 63, 64, 67, 68, 69, 70, 73, 74, 75, 78, 81, 200, 242], "summary": {"covered_lines": 26, "num_statements": 65, "percent_covered": 40.0, "percent_covered_display": "40", "missing_lines": 39, "excluded_lines": 0, "percent_statements_covered": 40.0, "percent_statements_covered_display": "40"}, "missing_lines": [29, 30, 31, 32, 33, 34, 46, 47, 48, 49, 50, 51, 96, 97, 171, 190, 197, 218, 219, 228, 230, 231, 232, 234, 235, 237, 239, 266, 269, 270, 292, 313, 314, 315, 318, 319, 320, 325, 327], "excluded_lines": [], "start_line": 1}}}, "lattice/dreaming/approval.py": {"executed_lines": [7, 9, 10, 12], "summary": {"covered_lines": 4, "num_statements": 99, "percent_covered": 4.040404040404041, "percent_covered_display": "4", "missing_lines": 95, "excluded_lines": 0, "percent_statements_covered": 4.040404040404041, "percent_statements_covered_display": "4"}, "missing_lines": [13, 21, 24, 31, 37, 38, 39, 42, 43, 48, 49, 50, 51, 52, 53, 54, 58, 65, 68, 71, 76, 83, 89, 95, 102, 103, 104, 106, 111, 112, 113, 114, 115, 116, 117, 118, 119, 121, 137, 138, 139, 143, 145, 146, 147, 148, 149, 150, 152, 155, 156, 157, 158, 159, 160, 161, 163, 166, 167, 168, 172, 173, 175, 178, 180, 181, 185, 189, 191, 195, 201, 203, 206, 207, 208, 209, 211, 217, 218, 220, 225, 232, 237, 239, 242, 243, 244, 245, 247, 253, 254, 256, 261, 268, 273], "excluded_lines": [], "functions": {"TemplateComparisonView.__init__": {"executed_lines": [], "summary": {"covered_lines": 0, "num_statements": 33, "percent_covered": 0.0, "percent_covered_display": "0", "missing_lines": 33, "excluded_lines": 0, "percent_statements_covered": 0.0, "percent_statements_covered_display": "0"}, "missing_lines": [37, 38, 39, 42, 43, 48, 49, 50, 51, 52, 53, 54, 58, 65, 68, 71, 76, 83, 89, 95, 102, 103, 104, 106, 111, 112, 113, 114, 115, 116, 117, 118, 119], "excluded_lines": [], "start_line": 31}, "TemplateComparisonView._create_text_section": {"executed_lines": [], "summary": {"covered_lines": 0, "num_statements": 4, "percent_covered": 0.0, "percent_covered_display": "0", "missing_lines": 4, "excluded_lines": 0, "percent_statements_covered": 0.0, "percent_statements_covered_display": "0"}, "missing_lines": [137, 138, 139, 143], "excluded_lines": [], "start_line": 121}, "TemplateComparisonView._disable_all_buttons": {"executed_lines": [], "summary": {"covered_lines": 0, "num_statements": 5, "percent_covered": 0.0, "percent_covered_display": "0", "missing_lines": 5, "excluded_lines": 0, "percent_statements_covered": 0.0, "percent_statements_covered_display": "0"}, "missing_lines": [146, 147, 148, 149, 150], "excluded_lines": [], "start_line": 145}, "TemplateComparisonView._finalize_proposal_action": {"executed_lines": [], "summary": {"covered_lines": 0, "num_statements": 7, "percent_covered": 0.0, "percent_covered_display": "0", "missing_lines": 7, "excluded_lines": 0, "percent_statements_covered": 0.0, "percent_statements_covered_display": "0"}, "missing_lines": [155, 156, 157, 158, 159, 160, 161], "excluded_lines": [], "start_line": 152}, "TemplateComparisonView._fetch_proposal_or_error": {"executed_lines": [], "summary": {"covered_lines": 0, "num_statements": 5, "percent_covered": 0.0, "percent_covered_display": "0", "missing_lines": 5, "excluded_lines": 0, "percent_statements_covered": 0.0, "percent_statements_covered_display": "0"}, "missing_lines": [166, 167, 168, 172, 173], "excluded_lines": [], "start_line": 163}, "TemplateComparisonView._make_view_prompt_callback": {"executed_lines": [], "summary": {"covered_lines": 0, "num_statements": 2, "percent_covered": 0.0, "percent_covered_display": "0", "missing_lines": 2, "excluded_lines": 0, "percent_statements_covered": 0.0, "percent_statements_covered_display": "0"}, "missing_lines": [178, 201], "excluded_lines": [], "start_line": 175}, "TemplateComparisonView._make_view_prompt_callback.view_prompt_callback": {"executed_lines": [], "summary": {"covered_lines": 0, "num_statements": 6, "percent_covered": 0.0, "percent_covered_display": "0", "missing_lines": 6, "excluded_lines": 0, "percent_statements_covered": 0.0, "percent_statements_covered_display": "0"}, "missing_lines": [180, 181, 185, 189, 191, 195], "excluded_lines": [], "start_line": 178}, "TemplateComparisonView._make_approve_callback": {"executed_lines": [], "summary": {"covered_lines": 0, "num_statements": 2, "percent_covered": 0.0, "percent_covered_display": "0", "missing_lines": 2, "excluded_lines": 0, "percent_statements_covered": 0.0, "percent_statements_covered_display": "0"}, "missing_lines": [206, 237], "excluded_lines": [], "start_line": 203}, "TemplateComparisonView._make_approve_callback.approve_callback": {"executed_lines": [], "summary": {"covered_lines": 0, "num_statements": 9, "percent_covered": 0.0, "percent_covered_display": "0", "missing_lines": 9, "excluded_lines": 0, "percent_statements_covered": 0.0, "percent_statements_covered_display": "0"}, "missing_lines": [207, 208, 209, 211, 217, 218, 220, 225, 232], "excluded_lines": [], "start_line": 206}, "TemplateComparisonView._make_reject_callback": {"executed_lines": [], "summary": {"covered_lines": 0, "num_statements": 2, "percent_covered": 0.0, "percent_covered_display": "0", "missing_lines": 2, "excluded_lines": 0, "percent_statements_covered": 0.0, "percent_statements_covered_display": "0"}, "missing_lines": [242, 273], "excluded_lines": [], "start_line": 239}, "TemplateComparisonView._make_reject_callback.reject_callback": {"executed_lines": [], "summary": {"covered_lines": 0, "num_statements": 9, "percent_covered": 0.0, "percent_covered_display": "0", "missing_lines": 9, "excluded_lines": 0, "percent_statements_covered": 0.0, "percent_statements_covered_display": "0"}, "missing_lines": [243, 244, 245, 247, 253, 254, 256, 261, 268], "excluded_lines": [], "start_line": 242}, "": {"executed_lines": [7, 9, 10, 12], "summary": {"covered_lines": 4, "num_statements": 15, "percent_covered": 26.666666666666668, "percent_covered_display": "27", "missing_lines": 11, "excluded_lines": 0, "percent_statements_covered": 26.666666666666668, "percent_statements_covered_display": "27"}, "missing_lines": [13, 21, 24, 31, 121, 145, 152, 163, 175, 203, 239], "excluded_lines": [], "start_line": 1}}, "classes": {"TemplateComparisonView": {"executed_lines": [], "summary": {"covered_lines": 0, "num_statements": 84, "percent_covered": 0.0, "percent_covered_display": "0", "missing_lines": 84, "excluded_lines": 0, "percent_statements_covered": 0.0, "percent_statements_covered_display": "0"}, "missing_lines": [37, 38, 39, 42, 43, 48, 49, 50, 51, 52, 53, 54, 58, 65, 68, 71, 76, 83, 89, 95, 102, 103, 104, 106, 111, 112, 113, 114, 115, 116, 117, 118, 119, 137, 138, 139, 143, 146, 147, 148, 149, 150, 155, 156, 157, 158, 159, 160, 161, 166, 167, 168, 172, 173, 178, 180, 181, 185, 189, 191, 195, 201, 206, 207, 208, 209, 211, 217, 218, 220, 225, 232, 237, 242, 243, 244, 245, 247, 253, 254, 256, 261, 268, 273], "excluded_lines": [], "start_line": 24}, "": {"executed_lines": [7, 9, 10, 12], "summary": {"covered_lines": 4, "num_statements": 15, "percent_covered": 26.666666666666668, "percent_covered_display": "27", "missing_lines": 11, "excluded_lines": 0, "percent_statements_covered": 26.666666666666668, "percent_statements_covered_display": "27"}, "missing_lines": [13, 21, 24, 31, 121, 145, 152, 163, 175, 203, 239], "excluded_lines": [], "start_line": 1}}}, "lattice/dreaming/proposer.py": {"executed_lines": [], "summary": {"covered_lines": 0, "num_statements": 167, "percent_covered": 0.0, "percent_covered_display": "0", "missing_lines": 167, "excluded_lines": 0, "percent_statements_covered": 0.0, "percent_statements_covered_display": "0"}, "missing_lines": [7, 8, 9, 10, 11, 13, 15, 16, 20, 21, 22, 25, 28, 31, 36, 37, 40, 51, 52, 55, 56, 60, 64, 68, 69, 71, 74, 75, 78, 79, 80, 81, 82, 83, 84, 87, 88, 91, 103, 104, 105, 106, 112, 114, 117, 131, 137, 138, 139, 141, 142, 144, 145, 149, 150, 152, 153, 154, 155, 158, 159, 160, 162, 165, 179, 180, 181, 185, 188, 189, 190, 194, 200, 207, 218, 221, 232, 233, 234, 242, 243, 248, 251, 252, 253, 256, 257, 258, 264, 267, 271, 277, 278, 284, 287, 299, 306, 309, 325, 326, 328, 331, 332, 333, 335, 343, 346, 347, 349, 356, 358, 361, 370, 371, 399, 401, 407, 410, 419, 420, 438, 439, 441, 454, 460, 461, 479, 495, 510, 512, 521, 522, 525, 528, 532, 533, 539, 542, 544, 560, 561, 567, 570, 586, 587, 591, 593, 600, 603, 618, 619, 634, 636, 637, 643, 646, 658, 660, 669, 670, 674, 676, 679, 696, 698, 699, 706], "excluded_lines": [], "functions": {"validate_template": {"executed_lines": [], "summary": {"covered_lines": 0, "num_statements": 9, "percent_covered": 0.0, "percent_covered_display": "0", "missing_lines": 9, "excluded_lines": 0, "percent_statements_covered": 0.0, "percent_statements_covered_display": "0"}, "missing_lines": [51, 52, 55, 56, 60, 64, 68, 69, 71], "excluded_lines": [], "start_line": 40}, "_parse_llm_response": {"executed_lines": [], "summary": {"covered_lines": 0, "num_statements": 6, "percent_covered": 0.0, "percent_covered_display": "0", "missing_lines": 6, "excluded_lines": 0, "percent_statements_covered": 0.0, "percent_statements_covered_display": "0"}, "missing_lines": [103, 104, 105, 106, 112, 114], "excluded_lines": [], "start_line": 91}, "_validate_proposal_fields": {"executed_lines": [], "summary": {"covered_lines": 0, "num_statements": 18, "percent_covered": 0.0, "percent_covered_display": "0", "missing_lines": 18, "excluded_lines": 0, "percent_statements_covered": 0.0, "percent_statements_covered_display": "0"}, "missing_lines": [131, 137, 138, 139, 141, 142, 144, 145, 149, 150, 152, 153, 154, 155, 158, 159, 160, 162], "excluded_lines": [], "start_line": 117}, "propose_optimization": {"executed_lines": [], "summary": {"covered_lines": 0, "num_statements": 33, "percent_covered": 0.0, "percent_covered_display": "0", "missing_lines": 33, "excluded_lines": 0, "percent_statements_covered": 0.0, "percent_statements_covered_display": "0"}, "missing_lines": [179, 180, 181, 185, 188, 189, 190, 194, 200, 207, 218, 221, 232, 233, 234, 242, 243, 248, 251, 252, 253, 256, 257, 258, 264, 267, 271, 277, 278, 284, 287, 299, 306], "excluded_lines": [], "start_line": 165}, "_format_experience_cases": {"executed_lines": [], "summary": {"covered_lines": 0, "num_statements": 13, "percent_covered": 0.0, "percent_covered_display": "0", "missing_lines": 13, "excluded_lines": 0, "percent_statements_covered": 0.0, "percent_statements_covered_display": "0"}, "missing_lines": [325, 326, 328, 331, 332, 333, 335, 343, 346, 347, 349, 356, 358], "excluded_lines": [], "start_line": 309}, "store_proposal": {"executed_lines": [], "summary": {"covered_lines": 0, "num_statements": 5, "percent_covered": 0.0, "percent_covered_display": "0", "missing_lines": 5, "excluded_lines": 0, "percent_statements_covered": 0.0, "percent_statements_covered_display": "0"}, "missing_lines": [370, 371, 399, 401, 407], "excluded_lines": [], "start_line": 361}, "get_proposal_by_id": {"executed_lines": [], "summary": {"covered_lines": 0, "num_statements": 5, "percent_covered": 0.0, "percent_covered_display": "0", "missing_lines": 5, "excluded_lines": 0, "percent_statements_covered": 0.0, "percent_statements_covered_display": "0"}, "missing_lines": [419, 420, 438, 439, 441], "excluded_lines": [], "start_line": 410}, "get_pending_proposals": {"executed_lines": [], "summary": {"covered_lines": 0, "num_statements": 3, "percent_covered": 0.0, "percent_covered_display": "0", "missing_lines": 3, "excluded_lines": 0, "percent_statements_covered": 0.0, "percent_statements_covered_display": "0"}, "missing_lines": [460, 461, 479], "excluded_lines": [], "start_line": 454}, "approve_proposal": {"executed_lines": [], "summary": {"covered_lines": 0, "num_statements": 20, "percent_covered": 0.0, "percent_covered_display": "0", "missing_lines": 20, "excluded_lines": 0, "percent_statements_covered": 0.0, "percent_statements_covered_display": "0"}, "missing_lines": [510, 512, 521, 522, 525, 528, 532, 533, 539, 542, 544, 560, 561, 567, 570, 586, 587, 591, 593, 600], "excluded_lines": [], "start_line": 495}, "reject_proposal": {"executed_lines": [], "summary": {"covered_lines": 0, "num_statements": 6, "percent_covered": 0.0, "percent_covered_display": "0", "missing_lines": 6, "excluded_lines": 0, "percent_statements_covered": 0.0, "percent_statements_covered_display": "0"}, "missing_lines": [618, 619, 634, 636, 637, 643], "excluded_lines": [], "start_line": 603}, "reject_stale_proposals": {"executed_lines": [], "summary": {"covered_lines": 0, "num_statements": 11, "percent_covered": 0.0, "percent_covered_display": "0", "missing_lines": 11, "excluded_lines": 0, "percent_statements_covered": 0.0, "percent_statements_covered_display": "0"}, "missing_lines": [658, 660, 669, 670, 674, 676, 679, 696, 698, 699, 706], "excluded_lines": [], "start_line": 646}, "": {"executed_lines": [], "summary": {"covered_lines": 0, "num_statements": 38, "percent_covered": 0.0, "percent_covered_display": "0", "missing_lines": 38, "excluded_lines": 0, "percent_statements_covered": 0.0, "percent_statements_covered_display": "0"}, "missing_lines": [7, 8, 9, 10, 11, 13, 15, 16, 20, 21, 22, 25, 28, 31, 36, 37, 40, 74, 75, 78, 79, 80, 81, 82, 83, 84, 87, 88, 91, 117, 165, 309, 361, 410, 454, 495, 603, 646], "excluded_lines": [], "start_line": 1}}, "classes": {"OptimizationProposal": {"executed_lines": [], "summary": {"covered_lines": 0, "num_statements": 0, "percent_covered": 100.0, "percent_covered_display": "100", "missing_lines": 0, "excluded_lines": 0, "percent_statements_covered": 100.0, "percent_statements_covered_display": "100"}, "missing_lines": [], "excluded_lines": [], "start_line": 75}, "": {"executed_lines": [], "summary": {"covered_lines": 0, "num_statements": 167, "percent_covered": 0.0, "percent_covered_display": "0", "missing_lines": 167, "excluded_lines": 0, "percent_statements_covered": 0.0, "percent_statements_covered_display": "0"}, "missing_lines": [7, 8, 9, 10, 11, 13, 15, 16, 20, 21, 22, 25, 28, 31, 36, 37, 40, 51, 52, 55, 56, 60, 64, 68, 69, 71, 74, 75, 78, 79, 80, 81, 82, 83, 84, 87, 88, 91, 103, 104, 105, 106, 112, 114, 117, 131, 137, 138, 139, 141, 142, 144, 145, 149, 150, 152, 153, 154, 155, 158, 159, 160, 162, 165, 179, 180, 181, 185, 188, 189, 190, 194, 200, 207, 218, 221, 232, 233, 234, 242, 243, 248, 251, 252, 253, 256, 257, 258, 264, 267, 271, 277, 278, 284, 287, 299, 306, 309, 325, 326, 328, 331, 332, 333, 335, 343, 346, 347, 349, 356, 358, 361, 370, 371, 399, 401, 407, 410, 419, 420, 438, 439, 441, 454, 460, 461, 479, 495, 510, 512, 521, 522, 525, 528, 532, 533, 539, 542, 544, 560, 561, 567, 570, 586, 587, 591, 593, 600, 603, 618, 619, 634, 636, 637, 643, 646, 658, 660, 669, 670, 674, 676, 679, 696, 698, 699, 706], "excluded_lines": [], "start_line": 1}}}, "lattice/memory/__init__.py": {"executed_lines": [], "summary": {"covered_lines": 0, "num_statements": 0, "percent_covered": 100.0, "percent_covered_display": "100", "missing_lines": 0, "excluded_lines": 0, "percent_statements_covered": 100.0, "percent_statements_covered_display": "100"}, "missing_lines": [], "excluded_lines": [], "functions": {"": {"executed_lines": [], "summary": {"covered_lines": 0, "num_statements": 0, "percent_covered": 100.0, "percent_covered_display": "100", "missing_lines": 0, "excluded_lines": 0, "percent_statements_covered": 100.0, "percent_statements_covered_display": "100"}, "missing_lines": [], "excluded_lines": [], "start_line": 1}}, "classes": {"": {"executed_lines": [], "summary": {"covered_lines": 0, "num_statements": 0, "percent_covered": 100.0, "percent_covered_display": "100", "missing_lines": 0, "excluded_lines": 0, "percent_statements_covered": 100.0, "percent_statements_covered_display": "100"}, "missing_lines": [], "excluded_lines": [], "start_line": 1}}}, "lattice/memory/episodic.py": {"executed_lines": [6, 7, 8, 9, 11, 13, 14, 15, 16, 17, 20, 23, 26, 51, 52, 53, 54, 55, 56, 57, 58,
[...]
splay": "0", "missing_lines": 32, "excluded_lines": 0, "percent_statements_covered": 0.0, "percent_statements_covered_display": "0"}, "missing_lines": [7, 8, 9, 10, 11, 13, 14, 15, 16, 17, 20, 23, 24, 27, 28, 29, 30, 32, 33, 34, 35, 36, 37, 38, 39, 42, 49, 54, 61, 79, 99, 117], "excluded_lines": [], "start_line": 1}}, "classes": {"ProactiveDecision": {"executed_lines": [], "summary": {"covered_lines": 0, "num_statements": 0, "percent_covered": 100.0, "percent_covered_display": "100", "missing_lines": 0, "excluded_lines": 0, "percent_statements_covered": 100.0, "percent_statements_covered_display": "100"}, "missing_lines": [], "excluded_lines": [], "start_line": 24}, "": {"executed_lines": [], "summary": {"covered_lines": 0, "num_statements": 91, "percent_covered": 0.0, "percent_covered_display": "0", "missing_lines": 91, "excluded_lines": 0, "percent_statements_covered": 0.0, "percent_statements_covered_display": "0"}, "missing_lines": [7, 8, 9, 10, 11, 13, 14, 15, 16, 17, 20, 23, 24, 27, 28, 29, 30, 32, 33, 34, 35, 36, 37, 38, 39, 42, 44, 45, 46, 49, 51, 54, 56, 57, 58, 61, 70, 72, 73, 75, 76, 79, 85, 86, 90, 91, 93, 96, 99, 108, 109, 110, 113, 114, 117, 127, 128, 129, 135, 136, 137, 138, 139, 141, 142, 143, 144, 150, 157, 158, 159, 163, 164, 165, 172, 173, 174, 175, 176, 177, 179, 180, 181, 182, 183, 184, 185, 187, 203, 204, 205], "excluded_lines": [], "start_line": 1}}}, "lattice/utils/__init__.py": {"executed_lines": [], "summary": {"covered_lines": 0, "num_statements": 0, "percent_covered": 100.0, "percent_covered_display": "100", "missing_lines": 0, "excluded_lines": 0, "percent_statements_covered": 100.0, "percent_statements_covered_display": "100"}, "missing_lines": [], "excluded_lines": [], "functions": {"": {"executed_lines": [], "summary": {"covered_lines": 0, "num_statements": 0, "percent_covered": 100.0, "percent_covered_display": "100", "missing_lines": 0, "excluded_lines": 0, "percent_statements_covered": 100.0, "percent_statements_covered_display": "100"}, "missing_lines": [], "excluded_lines": [], "start_line": 1}}, "classes": {"": {"executed_lines": [], "summary": {"covered_lines": 0, "num_statements": 0, "percent_covered": 100.0, "percent_covered_display": "100", "missing_lines": 0, "excluded_lines": 0, "percent_statements_covered": 100.0, "percent_statements_covered_display": "100"}, "missing_lines": [], "excluded_lines": [], "start_line": 1}}}, "lattice/utils/database.py": {"executed_lines": [6, 7, 9, 10, 13, 16, 19, 21, 23, 48, 55, 61, 63, 64, 73, 74, 75, 79, 95, 115, 127, 136, 145, 167], "summary": {"covered_lines": 24, "num_statements": 56, "percent_covered": 42.857142857142854, "percent_covered_display": "43", "missing_lines": 32, "excluded_lines": 0, "percent_statements_covered": 42.857142857142854, "percent_statements_covered_display": "43"}, "missing_lines": [25, 26, 27, 28, 30, 31, 33, 39, 46, 50, 51, 52, 53, 76, 88, 89, 102, 103, 121, 122, 123, 124, 133, 142, 154, 157, 158, 159, 160, 161, 163, 164], "excluded_lines": [], "functions": {"DatabasePool.__init__": {"executed_lines": [21], "summary": {"covered_lines": 1, "num_statements": 1, "percent_covered": 100.0, "percent_covered_display": "100", "missing_lines": 0, "excluded_lines": 0, "percent_statements_covered": 100.0, "percent_statements_covered_display": "100"}, "missing_lines": [], "excluded_lines": [], "start_line": 19}, "DatabasePool.initialize": {"executed_lines": [], "summary": {"covered_lines": 0, "num_statements": 9, "percent_covered": 0.0, "percent_covered_display": "0", "missing_lines": 9, "excluded_lines": 0, "percent_statements_covered": 0.0, "percent_statements_covered_display": "0"}, "missing_lines": [25, 26, 27, 28, 30, 31, 33, 39, 46], "excluded_lines": [], "start_line": 23}, "DatabasePool.close": {"executed_lines": [], "summary": {"covered_lines": 0, "num_statements": 4, "percent_covered": 0.0, "percent_covered_display": "0", "missing_lines": 4, "excluded_lines": 0, "percent_statements_covered": 0.0, "percent_statements_covered_display": "0"}, "missing_lines": [50, 51, 52, 53], "excluded_lines": [], "start_line": 48}, "DatabasePool.is_initialized": {"executed_lines": [61], "summary": {"covered_lines": 1, "num_statements": 1, "percent_covered": 100.0, "percent_covered_display": "100", "missing_lines": 0, "excluded_lines": 0, "percent_statements_covered": 100.0, "percent_statements_covered_display": "100"}, "missing_lines": [], "excluded_lines": [], "start_line": 55}, "DatabasePool.pool": {"executed_lines": [73, 74, 75], "summary": {"covered_lines": 3, "num_statements": 4, "percent_covered": 75.0, "percent_covered_display": "75", "missing_lines": 1, "excluded_lines": 0, "percent_statements_covered": 75.0, "percent_statements_covered_display": "75"}, "missing_lines": [76], "excluded_lines": [], "start_line": 64}, "get_system_health": {"executed_lines": [], "summary": {"covered_lines": 0, "num_statements": 2, "percent_covered": 0.0, "percent_covered_display": "0", "missing_lines": 2, "excluded_lines": 0, "percent_statements_covered": 0.0, "percent_statements_covered_display": "0"}, "missing_lines": [88, 89], "excluded_lines": [], "start_line": 79}, "set_system_health": {"executed_lines": [], "summary": {"covered_lines": 0, "num_statements": 2, "percent_covered": 0.0, "percent_covered_display": "0", "missing_lines": 2, "excluded_lines": 0, "percent_statements_covered": 0.0, "percent_statements_covered_display": "0"}, "missing_lines": [102, 103], "excluded_lines": [], "start_line": 95}, "get_next_check_at": {"executed_lines": [], "summary": {"covered_lines": 0, "num_statements": 4, "percent_covered": 0.0, "percent_covered_display": "0", "missing_lines": 4, "excluded_lines": 0, "percent_statements_covered": 0.0, "percent_statements_covered_display": "0"}, "missing_lines": [121, 122, 123, 124], "excluded_lines": [], "start_line": 115}, "set_next_check_at": {"executed_lines": [], "summary": {"covered_lines": 0, "num_statements": 1, "percent_covered": 0.0, "percent_covered_display": "0", "missing_lines": 1, "excluded_lines": 0, "percent_statements_covered": 0.0, "percent_statements_covered_display": "0"}, "missing_lines": [133], "excluded_lines": [], "start_line": 127}, "get_user_timezone": {"executed_lines": [], "summary": {"covered_lines": 0, "num_statements": 1, "percent_covered": 0.0, "percent_covered_display": "0", "missing_lines": 1, "excluded_lines": 0, "percent_statements_covered": 0.0, "percent_statements_covered_display": "0"}, "missing_lines": [142], "excluded_lines": [], "start_line": 136}, "set_user_timezone": {"executed_lines": [], "summary": {"covered_lines": 0, "num_statements": 8, "percent_covered": 0.0, "percent_covered_display": "0", "missing_lines": 8, "excluded_lines": 0, "percent_statements_covered": 0.0, "percent_statements_covered_display": "0"}, "missing_lines": [154, 157, 158, 159, 160, 161, 163, 164], "excluded_lines": [], "start_line": 145}, "": {"executed_lines": [6, 7, 9, 10, 13, 16, 19, 23, 48, 55, 63, 64, 79, 95, 115, 127, 136, 145, 167], "summary": {"covered_lines": 19, "num_statements": 19, "percent_covered": 100.0, "percent_covered_display": "100", "missing_lines": 0, "excluded_lines": 0, "percent_statements_covered": 100.0, "percent_statements_covered_display": "100"}, "missing_lines": [], "excluded_lines": [], "start_line": 1}}, "classes": {"DatabasePool": {"executed_lines": [21, 61, 73, 74, 75], "summary": {"covered_lines": 5, "num_statements": 19, "percent_covered": 26.31578947368421, "percent_covered_display": "26", "missing_lines": 14, "excluded_lines": 0, "percent_statements_covered": 26.31578947368421, "percent_statements_covered_display": "26"}, "missing_lines": [25, 26, 27, 28, 30, 31, 33, 39, 46, 50, 51, 52, 53, 76], "excluded_lines": [], "start_line": 16}, "": {"executed_lines": [6, 7, 9, 10, 13, 16, 19, 23, 48, 55, 63, 64, 79, 95, 115, 127, 136, 145, 167], "summary": {"covered_lines": 19, "num_statements": 37, "percent_covered": 51.351351351351354, "percent_covered_display": "51", "missing_lines": 18, "excluded_lines": 0, "percent_statements_covered": 51.351351351351354, "percent_statements_covered_display": "51"}, "missing_lines": [88, 89, 102, 103, 121, 122, 123, 124, 133, 142, 154, 157, 158, 159, 160, 161, 163, 164], "excluded_lines": [], "start_line": 1}}}, "lattice/utils/llm.py": {"executed_lines": [6, 7, 8, 9, 10, 13, 16, 17, 20, 21, 22, 23, 24, 25, 26, 27, 28, 31, 34, 43, 69, 113, 188, 191], "summary": {"covered_lines": 24, "num_statements": 62, "percent_covered": 38.70967741935484, "percent_covered_display": "39", "missing_lines": 38, "excluded_lines": 0, "percent_statements_covered": 38.70967741935484, "percent_statements_covered_display": "39"}, "missing_lines": [40, 41, 59, 60, 61, 62, 64, 67, 87, 89, 90, 95, 101, 129, 130, 131, 132, 133, 135, 136, 137, 138, 140, 142, 143, 148, 149, 155, 157, 158, 161, 162, 163, 175, 198, 199, 200, 201], "excluded_lines": [], "functions": {"LLMClient.__init__": {"executed_lines": [], "summary": {"covered_lines": 0, "num_statements": 2, "percent_covered": 0.0, "percent_covered_display": "0", "missing_lines": 2, "excluded_lines": 0, "percent_statements_covered": 0.0, "percent_statements_covered_display": "0"}, "missing_lines": [40, 41], "excluded_lines": [], "start_line": 34}, "LLMClient.complete": {"executed_lines": [], "summary": {"covered_lines": 0, "num_statements": 6, "percent_covered": 0.0, "percent_covered_display": "0", "missing_lines": 6, "excluded_lines": 0, "percent_statements_covered": 0.0, "percent_statements_covered_display": "0"}, "missing_lines": [59, 60, 61, 62, 64, 67], "excluded_lines": [], "start_line": 43}, "LLMClient._placeholder_complete": {"executed_lines": [], "summary": {"covered_lines": 0, "num_statements": 5, "percent_covered": 0.0, "percent_covered_display": "0", "missing_lines": 5, "excluded_lines": 0, "percent_statements_covered": 0.0, "percent_statements_covered_display": "0"}, "missing_lines": [87, 89, 90, 95, 101], "excluded_lines": [], "start_line": 69}, "LLMClient._openrouter_complete": {"executed_lines": [], "summary": {"covered_lines": 0, "num_statements": 21, "percent_covered": 0.0, "percent_covered_display": "0", "missing_lines": 21, "excluded_lines": 0, "percent_statements_covered": 0.0, "percent_statements_covered_display": "0"}, "missing_lines": [129, 130, 131, 132, 133, 135, 136, 137, 138, 140, 142, 143, 148, 149, 155, 157, 158, 161, 162, 163, 175], "excluded_lines": [], "start_line": 113}, "get_llm_client": {"executed_lines": [], "summary": {"covered_lines": 0, "num_statements": 4, "percent_covered": 0.0, "percent_covered_display": "0", "missing_lines": 4, "excluded_lines": 0, "percent_statements_covered": 0.0, "percent_statements_covered_display": "0"}, "missing_lines": [198, 199, 200, 201], "excluded_lines": [], "start_line": 191}, "": {"executed_lines": [6, 7, 8, 9, 10, 13, 16, 17, 20, 21, 22, 23, 24, 25, 26, 27, 28, 31, 34, 43, 69, 113, 188, 191], "summary": {"covered_lines": 24, "num_statements": 24, "percent_covered": 100.0, "percent_covered_display": "100", "missing_lines": 0, "excluded_lines": 0, "percent_statements_covered": 100.0, "percent_statements_covered_display": "100"}, "missing_lines": [], "excluded_lines": [], "start_line": 1}}, "classes": {"GenerationResult": {"executed_lines": [], "summary": {"covered_lines": 0, "num_statements": 0, "percent_covered": 100.0, "percent_covered_display": "100", "missing_lines": 0, "excluded_lines": 0, "percent_statements_covered": 100.0, "percent_statements_covered_display": "100"}, "missing_lines": [], "excluded_lines": [], "start_line": 17}, "LLMClient": {"executed_lines": [], "summary": {"covered_lines": 0, "num_statements": 34, "percent_covered": 0.0, "percent_covered_display": "0", "missing_lines": 34, "excluded_lines": 0, "percent_statements_covered": 0.0, "percent_statements_covered_display": "0"}, "missing_lines": [40, 41, 59, 60, 61, 62, 64, 67, 87, 89, 90, 95, 101, 129, 130, 131, 132, 133, 135, 136, 137, 138, 140, 142, 143, 148, 149, 155, 157, 158, 161, 162, 163, 175], "excluded_lines": [], "start_line": 31}, "": {"executed_lines": [6, 7, 8, 9, 10, 13, 16, 17, 20, 21, 22, 23, 24, 25, 26, 27, 28, 31, 34, 43, 69, 113, 188, 191], "summary": {"covered_lines": 24, "num_statements": 28, "percent_covered": 85.71428571428571, "percent_covered_display": "86", "missing_lines": 4, "excluded_lines": 0, "percent_statements_covered": 85.71428571428571, "percent_statements_covered_display": "86"}, "missing_lines": [198, 199, 200, 201], "excluded_lines": [], "start_line": 1}}}, "lattice/utils/objective_parsing.py": {"executed_lines": [3, 4, 7, 9, 10, 11, 12, 13, 16, 25, 27, 28, 29, 30, 31, 32, 35, 37, 38, 39, 41, 42, 43, 44, 45, 47, 48, 53, 56, 58, 59, 60, 64, 65, 66, 68, 69, 72, 73, 77, 79, 87, 89, 90, 91], "summary": {"covered_lines": 45, "num_statements": 49, "percent_covered": 91.83673469387755, "percent_covered_display": "92", "missing_lines": 4, "excluded_lines": 0, "percent_statements_covered": 91.83673469387755, "percent_statements_covered_display": "92"}, "missing_lines": [33, 92, 93, 94], "excluded_lines": [], "functions": {"parse_objectives": {"executed_lines": [25, 27, 28, 29, 30, 31, 32, 35, 37, 38, 39, 41, 42, 43, 44, 45, 47, 48, 53, 56, 58, 59, 60, 64, 65, 66, 68, 69, 72, 73, 77, 79, 87, 89, 90, 91], "summary": {"covered_lines": 36, "num_statements": 40, "percent_covered": 90.0, "percent_covered_display": "90", "missing_lines": 4, "excluded_lines": 0, "percent_statements_covered": 90.0, "percent_statements_covered_display": "90"}, "missing_lines": [33, 92, 93, 94], "excluded_lines": [], "start_line": 16}, "": {"executed_lines": [3, 4, 7, 9, 10, 11, 12, 13, 16], "summary": {"covered_lines": 9, "num_statements": 9, "percent_covered": 100.0, "percent_covered_display": "100", "missing_lines": 0, "excluded_lines": 0, "percent_statements_covered": 100.0, "percent_statements_covered_display": "100"}, "missing_lines": [], "excluded_lines": [], "start_line": 1}}, "classes": {"": {"executed_lines": [3, 4, 7, 9, 10, 11, 12, 13, 16, 25, 27, 28, 29, 30, 31, 32, 35, 37, 38, 39, 41, 42, 43, 44, 45, 47, 48, 53, 56, 58, 59, 60, 64, 65, 66, 68, 69, 72, 73, 77, 79, 87, 89, 90, 91], "summary": {"covered_lines": 45, "num_statements": 49, "percent_covered": 91.83673469387755, "percent_covered_display": "92", "missing_lines": 4, "excluded_lines": 0, "percent_statements_covered": 91.83673469387755, "percent_statements_covered_display": "92"}, "missing_lines": [33, 92, 93, 94], "excluded_lines": [], "start_line": 1}}}, "lattice/utils/source_links.py": {"executed_lines": [3, 4, 5, 7, 10, 23, 24, 25, 26, 27, 29, 32, 33, 34, 38, 40, 43, 60, 61, 64, 65, 66, 67, 68, 69, 70, 71, 73, 74, 78, 81, 82, 83, 87, 88, 91, 92, 96, 97, 100, 101, 103, 106, 107, 110, 111, 112, 114, 115, 117, 118, 120], "summary": {"covered_lines": 52, "num_statements": 54, "percent_covered": 96.29629629629629, "percent_covered_display": "96", "missing_lines": 2, "excluded_lines": 0, "percent_statements_covered": 96.29629629629629, "percent_statements_covered_display": "96"}, "missing_lines": [93, 98], "excluded_lines": [], "functions": {"build_source_map": {"executed_lines": [23, 24, 25, 26, 27, 29, 32, 33, 34, 38, 40], "summary": {"covered_lines": 11, "num_statements": 11, "percent_covered": 100.0, "percent_covered_display": "100", "missing_lines": 0, "excluded_lines": 0, "percent_statements_covered": 100.0, "percent_statements_covered_display": "100"}, "missing_lines": [], "excluded_lines": [], "start_line": 10}, "inject_source_links": {"executed_lines": [60, 61, 64, 65, 66, 67, 68, 69, 70, 71, 73, 74, 78, 81, 82, 83, 87, 88, 91, 92, 96, 97, 100, 101, 103, 106, 107, 110, 111, 112, 114, 115, 117, 118, 120], "summary": {"covered_lines": 35, "num_statements": 37, "percent_covered": 94.5945945945946, "percent_covered_display": "95", "missing_lines": 2, "excluded_lines": 0, "percent_statements_covered": 94.5945945945946, "percent_statements_covered_display": "95"}, "missing_lines": [93, 98], "excluded_lines": [], "start_line": 43}, "": {"executed_lines": [3, 4, 5, 7, 10, 43], "summary": {"covered_lines": 6, "num_statements": 6, "percent_covered": 100.0, "percent_covered_display": "100", "missing_lines": 0, "excluded_lines": 0, "percent_statements_covered": 100.0, "percent_statements_covered_display": "100"}, "missing_lines": [], "excluded_lines": [], "start_line": 1}}, "classes": {"": {"executed_lines": [3, 4, 5, 7, 10, 23, 24, 25, 26, 27, 29, 32, 33, 34, 38, 40, 43, 60, 61, 64, 65, 66, 67, 68, 69, 70, 71, 73, 74, 78, 81, 82, 83, 87, 88, 91, 92, 96, 97, 100, 101, 103, 106, 107, 110, 111, 112, 114, 115, 117, 118, 120], "summary": {"covered_lines": 52, "num_statements": 54, "percent_covered": 96.29629629629629, "percent_covered_display": "96", "missing_lines": 2, "excluded_lines": 0, "percent_statements_covered": 96.29629629629629, "percent_statements_covered_display": "96"}, "missing_lines": [93, 98], "excluded_lines": [], "start_line": 1}}}, "lattice/utils/triple_parsing.py": {"executed_lines": [3, 4, 7, 9, 18, 19, 22, 33, 34, 35, 36, 37, 40, 54, 55, 57, 58, 59, 60, 62, 63, 64, 65, 66, 67, 68, 70, 71, 78, 80, 83, 92, 94, 95, 96, 97, 98, 99, 102, 104, 105, 106, 108, 109, 110, 119, 127, 129, 131, 132, 133, 134, 135, 136], "summary": {"covered_lines": 54, "num_statements": 58, "percent_covered": 93.10344827586206, "percent_covered_display": "93", "missing_lines": 4, "excluded_lines": 0, "percent_statements_covered": 93.10344827586206, "percent_statements_covered_display": "93"}, "missing_lines": [100, 137, 138, 139], "excluded_lines": [], "functions": {"normalize_predicate": {"executed_lines": [33, 34, 35, 36, 37], "summary": {"covered_lines": 5, "num_statements": 5, "percent_covered": 100.0, "percent_covered_display": "100", "missing_lines": 0, "excluded_lines": 0, "percent_statements_covered": 100.0, "percent_statements_covered_display": "100"}, "missing_lines": [], "excluded_lines": [], "start_line": 22}, "_parse_text_format": {"executed_lines": [54, 55, 57, 58, 59, 60, 62, 63, 64, 65, 66, 67, 68, 70, 71, 78, 80], "summary": {"covered_lines": 17, "num_statements": 17, "percent_covered": 100.0, "percent_covered_display": "100", "missing_lines": 0, "excluded_lines": 0, "percent_statements_covered": 100.0, "percent_statements_covered_display": "100"}, "missing_lines": [], "excluded_lines": [], "start_line": 40}, "parse_triples": {"executed_lines": [92, 94, 95, 96, 97, 98, 99, 102, 104, 105, 106, 108, 109, 110, 119, 127, 129, 131, 132, 133, 134, 135, 136], "summary": {"covered_lines": 23, "num_statements": 27, "percent_covered": 85.18518518518519, "percent_covered_display": "85", "missing_lines": 4, "excluded_lines": 0, "percent_statements_covered": 85.18518518518519, "percent_statements_covered_display": "85"}, "missing_lines": [100, 137, 138, 139], "excluded_lines": [], "start_line": 83}, "": {"executed_lines": [3, 4, 7, 9, 18, 19, 22, 40, 83], "summary": {"covered_lines": 9, "num_statements": 9, "percent_covered": 100.0, "percent_covered_display": "100", "missing_lines": 0, "excluded_lines": 0, "percent_statements_covered": 100.0, "percent_statements_covered_display": "100"}, "missing_lines": [], "excluded_lines": [], "start_line": 1}}, "classes": {"": {"executed_lines": [3, 4, 7, 9, 18, 19, 22, 33, 34, 35, 36, 37, 40, 54, 55, 57, 58, 59, 60, 62, 63, 64, 65, 66, 67, 68, 70, 71, 78, 80, 83, 92, 94, 95, 96, 97, 98, 99, 102, 104, 105, 106, 108, 109, 110, 119, 127, 129, 131, 132, 133, 134, 135, 136], "summary": {"covered_lines": 54, "num_statements": 58, "percent_covered": 93.10344827586206, "percent_covered_display": "93", "missing_lines": 4, "excluded_lines": 0, "percent_statements_covered": 93.10344827586206, "percent_statements_covered_display": "93"}, "missing_lines": [100, 137, 138, 139], "excluded_lines": [], "start_line": 1}}}}, "totals": {"covered_lines": 767, "num_statements": 2452, "percent_covered": 31.28058727569331, "percent_covered_display": "31", "missing_lines": 1685, "excluded_lines": 5, "percent_statements_covered": 31.28058727569331, "percent_statements_covered_display": "31"}}
